     1 00000000                                 [FORMAT "WCOFF"]
     2 00000000                                 [INSTRSET "i486p"]
     3 00000000                                 [OPTIMIZE 1]
     4 00000000                                 [OPTION 1]
     5 00000000                                 [BITS 32]
     6 00000000                                 	EXTERN	_api_initmalloc
     7 00000000                                 	EXTERN	_api_malloc
     8 00000000                                 	EXTERN	_api_openwin
     9 00000000                                 	EXTERN	_api_boxfilwin
    10 00000000                                 	EXTERN	_sprintf
    11 00000000                                 	EXTERN	_api_putstrwin
    12 00000000                                 	EXTERN	_api_getkey
    13 00000000                                 	EXTERN	_api_closewin
    14 00000000                                 	EXTERN	_api_end
    15 00000000                                 	EXTERN	_rand
    16 00000000                                 [FILE "game.c"]
    17                                          [SECTION .data]
    18 00000000                                 LC0:
    19 00000000 62 69 6E 67 6F 00               	DB	"bingo",0x00
    20 00000006                                 LC1:
    21 00000006 4D 61 6C 65 20 73 75 70 72 65   	DB	"Male supremacy",0x00,0x00
       00000010 6D 61 63 79 00 00 
    22 00000016                                 LC2:
    23 00000016 6F 3A 6E 6F 72 6D 61 6C 20 62   	DB	"o:normal block",0x00,0x00
       00000020 6C 6F 63 6B 00 00 
    24 00000026                                 LC3:
    25 00000026 51 A3 BA 62 6F 6D 62 2D 62 61   	DB	"Q",0xA3,0xBA,"bomb-back 5",0x00,0x00
       00000030 63 6B 20 35 00 00 
    26 00000036                                 LC4:
    27 00000036 4D A3 BA 64 69 61 6D 6F 6E 64   	DB	"M",0xA3,0xBA,"diamond-back 5",0x00,0x00
       00000040 2D 62 61 63 6B 20 35 00 00 
    28 00000049                                 LC5:
    29 00000049 23 A3 BA 6D 61 67 69 63 2D 63   	DB	"#",0xA3,0xBA,"magic-change position",0x00,0x00
       00000053 68 61 6E 67 65 20 70 6F 73 69 
       0000005D 74 69 6F 6E 00 00 
    30 00000063                                 LC6:
    31 00000063 66 A3 BA 66 65 6D 61 6C 65 00   	DB	"f",0xA3,0xBA,"female",0x00,0x00
       0000006D 00 
    32 0000006E                                 LC7:
    33 0000006E 6D A3 BA 6D 61 6C 65 00 00      	DB	"m",0xA3,0xBA,"male",0x00,0x00
    34 00000077                                 LC8:
    35 00000077 5E A3 BA 74 6F 67 65 74 68 65   	DB	"^",0xA3,0xBA,"together",0x00,0x00
       00000081 72 00 00 
    36 00000084                                 LC9:
    37 00000084 40 A3 BA 74 65 72 6D 69 6E 61   	DB	"@",0xA3,0xBA,"terminal",0x00,0x00
       0000008E 6C 00 00 
    38 00000091                                 LC10:
    39 00000091 65 6E 74 65 72 20 74 6F 20 73   	DB	"enter to start",0x00,0x00
       0000009B 74 61 72 74 00 00 
    40 000000A1                                 LC11:
    41 000000A1 63 68 61 6E 67 65 20 70 6F 73   	DB	"change position! Enter to continue..",0x00,0x00
       000000AB 69 74 69 6F 6E 21 20 45 6E 74 
       000000B5 65 72 20 74 6F 20 63 6F 6E 74 
       000000BF 69 6E 75 65 2E 2E 00 00 
    42 000000C7                                 LC15:
    43 000000C7 41 3A 25 64 20 20 42 3A 25 64   	DB	"A:%d  B:%d",0x00,0x00
       000000D1 00 00 
    44 000000D3                                 LC17:
    45 000000D3 6D 61 6C 65 20 77 69 6E A3 A1   	DB	"male win",0xA3,0xA1,"Enter to continue..",0x00,0x00
       000000DD 45 6E 74 65 72 20 74 6F 20 63 
       000000E7 6F 6E 74 69 6E 75 65 2E 2E 00 
       000000F1 00 
    46 000000F2                                 LC16:
    47 000000F2 66 65 6D 61 69 6C 20 77 69 6E   	DB	"femail win",0xA3,0xA1,"Enter to continue..",0x00,0x00
       000000FC A3 A1 45 6E 74 65 72 20 74 6F 
       00000106 20 63 6F 6E 74 69 6E 75 65 2E 
       00000110 2E 00 00 
    48 00000113                                 LC12:
    49 00000113 67 6F 20 35 20 62 6C 6F 63 6B   	DB	"go 5 block",0xA3,0xA1,"Enter to continue..",0x00,0x00
       0000011D A3 A1 45 6E 74 65 72 20 74 6F 
       00000127 20 63 6F 6E 74 69 6E 75 65 2E 
       00000131 2E 00 00 
    50 00000134                                 LC14:
    51 00000134 67 6F 20 25 64 20 62 6C 6F 63   	DB	"go %d block",0xA3,0xA1,"Enter to continue..",0x00,0x00
       0000013E 6B A3 A1 45 6E 74 65 72 20 74 
       00000148 6F 20 63 6F 6E 74 69 6E 75 65 
       00000152 2E 2E 00 00 
    52 00000156                                 LC13:
    53 00000156 62 61 63 6B 20 35 20 62 6C 6F   	DB	"back 5 block",0xA3,0xA1,"Enter to continue..",0x00,0x00
       00000160 63 6B A3 A1 45 6E 74 65 72 20 
       0000016A 74 6F 20 63 6F 6E 74 69 6E 75 
       00000174 65 2E 2E 00 00 
    54                                          [SECTION .text]
    55 00000000                                 	GLOBAL	_HariMain
    56 00000000                                 _HariMain:
    57 00000000 55                              	PUSH	EBP
    58 00000001 89 E5                           	MOV	EBP,ESP
    59 00000003 57                              	PUSH	EDI
    60 00000004 56                              	PUSH	ESI
    61 00000005 53                              	PUSH	EBX
    62 00000006 8D 9D FFFFFEE4                  	LEA	EBX,DWORD [-284+EBP]
    63 0000000C 81 EC 00000144                  	SUB	ESP,324
    64 00000012 C7 85 FFFFFEC0 00000000         	MOV	DWORD [-320+EBP],0
    65 0000001C E8 [00000000]                   	CALL	_api_initmalloc
    66 00000021 68 00015690                     	PUSH	87696
    67 00000026 E8 [00000000]                   	CALL	_api_malloc
    68 0000002B 68 [00000000]                   	PUSH	LC0
    69 00000030 6A FF                           	PUSH	-1
    70 00000032 68 00000105                     	PUSH	261
    71 00000037 68 00000150                     	PUSH	336
    72 0000003C 50                              	PUSH	EAX
    73 0000003D E8 [00000000]                   	CALL	_api_openwin
    74 00000042 6A 00                           	PUSH	0
    75 00000044 68 000000FE                     	PUSH	254
    76 00000049 89 C6                           	MOV	ESI,EAX
    77 0000004B 68 00000149                     	PUSH	329
    78 00000050 6A 1B                           	PUSH	27
    79 00000052 6A 06                           	PUSH	6
    80 00000054 50                              	PUSH	EAX
    81 00000055 E8 [00000000]                   	CALL	_api_boxfilwin
    82 0000005A 83 C4 30                        	ADD	ESP,48
    83 0000005D 68 [00000006]                   	PUSH	LC1
    84 00000062 53                              	PUSH	EBX
    85 00000063 E8 [00000000]                   	CALL	_sprintf
    86 00000068 53                              	PUSH	EBX
    87 00000069 6A 08                           	PUSH	8
    88 0000006B 6A 07                           	PUSH	7
    89 0000006D 6A 2B                           	PUSH	43
    90 0000006F 68 00000086                     	PUSH	134
    91 00000074 56                              	PUSH	ESI
    92 00000075 E8 [00000000]                   	CALL	_api_putstrwin
    93 0000007A 83 C4 20                        	ADD	ESP,32
    94 0000007D 68 [00000016]                   	PUSH	LC2
    95 00000082 53                              	PUSH	EBX
    96 00000083 E8 [00000000]                   	CALL	_sprintf
    97 00000088 53                              	PUSH	EBX
    98 00000089 6A 0A                           	PUSH	10
    99 0000008B 6A 07                           	PUSH	7
   100 0000008D 6A 3B                           	PUSH	59
   101 0000008F 6A 06                           	PUSH	6
   102 00000091 56                              	PUSH	ESI
   103 00000092 E8 [00000000]                   	CALL	_api_putstrwin
   104 00000097 83 C4 20                        	ADD	ESP,32
   105 0000009A 68 [00000026]                   	PUSH	LC3
   106 0000009F 53                              	PUSH	EBX
   107 000000A0 E8 [00000000]                   	CALL	_sprintf
   108 000000A5 53                              	PUSH	EBX
   109 000000A6 6A 12                           	PUSH	18
   110 000000A8 6A 07                           	PUSH	7
   111 000000AA 6A 4B                           	PUSH	75
   112 000000AC 6A 06                           	PUSH	6
   113 000000AE 56                              	PUSH	ESI
   114 000000AF E8 [00000000]                   	CALL	_api_putstrwin
   115 000000B4 83 C4 20                        	ADD	ESP,32
   116 000000B7 68 [00000036]                   	PUSH	LC4
   117 000000BC 53                              	PUSH	EBX
   118 000000BD E8 [00000000]                   	CALL	_sprintf
   119 000000C2 53                              	PUSH	EBX
   120 000000C3 6A 12                           	PUSH	18
   121 000000C5 6A 07                           	PUSH	7
   122 000000C7 6A 5B                           	PUSH	91
   123 000000C9 6A 06                           	PUSH	6
   124 000000CB 56                              	PUSH	ESI
   125 000000CC E8 [00000000]                   	CALL	_api_putstrwin
   126 000000D1 83 C4 20                        	ADD	ESP,32
   127 000000D4 68 [00000049]                   	PUSH	LC5
   128 000000D9 53                              	PUSH	EBX
   129 000000DA E8 [00000000]                   	CALL	_sprintf
   130 000000DF 53                              	PUSH	EBX
   131 000000E0 6A 12                           	PUSH	18
   132 000000E2 6A 07                           	PUSH	7
   133 000000E4 6A 6B                           	PUSH	107
   134 000000E6 6A 06                           	PUSH	6
   135 000000E8 56                              	PUSH	ESI
   136 000000E9 E8 [00000000]                   	CALL	_api_putstrwin
   137 000000EE 83 C4 20                        	ADD	ESP,32
   138 000000F1 68 [00000063]                   	PUSH	LC6
   139 000000F6 53                              	PUSH	EBX
   140 000000F7 E8 [00000000]                   	CALL	_sprintf
   141 000000FC 53                              	PUSH	EBX
   142 000000FD 6A 0A                           	PUSH	10
   143 000000FF 6A 07                           	PUSH	7
   144 00000101 6A 7B                           	PUSH	123
   145 00000103 6A 06                           	PUSH	6
   146 00000105 56                              	PUSH	ESI
   147 00000106 E8 [00000000]                   	CALL	_api_putstrwin
   148 0000010B 83 C4 20                        	ADD	ESP,32
   149 0000010E 68 [0000006E]                   	PUSH	LC7
   150 00000113 53                              	PUSH	EBX
   151 00000114 E8 [00000000]                   	CALL	_sprintf
   152 00000119 53                              	PUSH	EBX
   153 0000011A 6A 0A                           	PUSH	10
   154 0000011C 6A 07                           	PUSH	7
   155 0000011E 68 0000008B                     	PUSH	139
   156 00000123 6A 06                           	PUSH	6
   157 00000125 56                              	PUSH	ESI
   158 00000126 E8 [00000000]                   	CALL	_api_putstrwin
   159 0000012B 83 C4 20                        	ADD	ESP,32
   160 0000012E 68 [00000077]                   	PUSH	LC8
   161 00000133 53                              	PUSH	EBX
   162 00000134 E8 [00000000]                   	CALL	_sprintf
   163 00000139 53                              	PUSH	EBX
   164 0000013A 6A 0C                           	PUSH	12
   165 0000013C 6A 07                           	PUSH	7
   166 0000013E 68 0000009B                     	PUSH	155
   167 00000143 6A 06                           	PUSH	6
   168 00000145 56                              	PUSH	ESI
   169 00000146 E8 [00000000]                   	CALL	_api_putstrwin
   170 0000014B 83 C4 20                        	ADD	ESP,32
   171 0000014E 68 [00000084]                   	PUSH	LC9
   172 00000153 53                              	PUSH	EBX
   173 00000154 E8 [00000000]                   	CALL	_sprintf
   174 00000159 53                              	PUSH	EBX
   175 0000015A 6A 08                           	PUSH	8
   176 0000015C 6A 07                           	PUSH	7
   177 0000015E 68 000000AB                     	PUSH	171
   178 00000163 6A 06                           	PUSH	6
   179 00000165 56                              	PUSH	ESI
   180 00000166 E8 [00000000]                   	CALL	_api_putstrwin
   181 0000016B 83 C4 20                        	ADD	ESP,32
   182 0000016E 68 [00000091]                   	PUSH	LC10
   183 00000173 53                              	PUSH	EBX
   184 00000174 E8 [00000000]                   	CALL	_sprintf
   185 00000179 53                              	PUSH	EBX
   186 0000017A 6A 10                           	PUSH	16
   187 0000017C 6A 07                           	PUSH	7
   188 0000017E 68 000000BB                     	PUSH	187
   189 00000183 6A 06                           	PUSH	6
   190 00000185 56                              	PUSH	ESI
   191 00000186 E8 [00000000]                   	CALL	_api_putstrwin
   192 0000018B 83 C4 20                        	ADD	ESP,32
   193 0000018E                                 L2:
   194 0000018E 6A 01                           	PUSH	1
   195 00000190 E8 [00000000]                   	CALL	_api_getkey
   196 00000195 5A                              	POP	EDX
   197 00000196 3C 0A                           	CMP	AL,10
   198 00000198 75 F4                           	JNE	L2
   199 0000019A 6A 00                           	PUSH	0
   200 0000019C 68 000000FE                     	PUSH	254
   201 000001A1 68 00000149                     	PUSH	329
   202 000001A6 6A 1B                           	PUSH	27
   203 000001A8 6A 06                           	PUSH	6
   204 000001AA 56                              	PUSH	ESI
   205 000001AB E8 [00000000]                   	CALL	_api_boxfilwin
   206 000001B0 8D 55 A4                        	LEA	EDX,DWORD [-92+EBP]
   207 000001B3 31 C0                           	XOR	EAX,EAX
   208 000001B5 83 C4 18                        	ADD	ESP,24
   209 000001B8                                 L19:
   210 000001B8 3C 0A                           	CMP	AL,10
   211 000001BA 0F 84 000003EB                  	JE	L11
   212 000001C0 3C 14                           	CMP	AL,20
   213 000001C2 0F 84 000003E3                  	JE	L11
   214 000001C8 3C 1E                           	CMP	AL,30
   215 000001CA 0F 84 000003DB                  	JE	L11
   216 000001D0 3C 03                           	CMP	AL,3
   217 000001D2 0F 84 000003CB                  	JE	L14
   218 000001D8 3C 0C                           	CMP	AL,12
   219 000001DA 0F 84 000003C3                  	JE	L14
   220 000001E0 3C 20                           	CMP	AL,32
   221 000001E2 0F 84 000003BB                  	JE	L14
   222 000001E8 3C 22                           	CMP	AL,34
   223 000001EA 0F 84 000003B3                  	JE	L14
   224 000001F0 3C 3C                           	CMP	AL,60
   225 000001F2 0F 84 000003AB                  	JE	L14
   226 000001F8 3C 06                           	CMP	AL,6
   227 000001FA 0F 84 0000039B                  	JE	L17
   228 00000200 3C 21                           	CMP	AL,33
   229 00000202 0F 84 00000393                  	JE	L17
   230 00000208 3C 29                           	CMP	AL,41
   231 0000020A 0F 84 0000038B                  	JE	L17
   232 00000210 3C 33                           	CMP	AL,51
   233 00000212 0F 84 00000383                  	JE	L17
   234 00000218 3C 40                           	CMP	AL,64
   235 0000021A 0F 84 0000037B                  	JE	L17
   236 00000220 C6 02 00                        	MOV	BYTE [EDX],0
   237 00000223                                 L8:
   238 00000223 40                              	INC	EAX
   239 00000224 42                              	INC	EDX
   240 00000225 3C 41                           	CMP	AL,65
   241 00000227 76 8F                           	JBE	L19
   242 00000229 8D 85 FFFFFF04                  	LEA	EAX,DWORD [-252+EBP]
   243 0000022F 50                              	PUSH	EAX
   244 00000230 8D 45 A4                        	LEA	EAX,DWORD [-92+EBP]
   245 00000233 50                              	PUSH	EAX
   246 00000234 56                              	PUSH	ESI
   247 00000235 C6 45 A4 06                     	MOV	BYTE [-92+EBP],6
   248 00000239 C6 45 E5 09                     	MOV	BYTE [-27+EBP],9
   249 0000023D E8 00000371                     	CALL	_drawmap
   250 00000242 83 C4 0C                        	ADD	ESP,12
   251 00000245                                 L20:
   252 00000245 C7 85 FFFFFEBC 00000000         	MOV	DWORD [-324+EBP],0
   253 0000024F C7 85 FFFFFEB8 00000000         	MOV	DWORD [-328+EBP],0
   254 00000259                                 L21:
   255 00000259 83 BD FFFFFEC0 00               	CMP	DWORD [-320+EBP],0
   256 00000260 0F 85 00000314                  	JNE	L22
   257 00000266 8B 85 FFFFFEB8                  	MOV	EAX,DWORD [-328+EBP]
   258 0000026C 8B 9D FFFFFEBC                  	MOV	EBX,DWORD [-324+EBP]
   259 00000272 89 85 FFFFFEB4                  	MOV	DWORD [-332+EBP],EAX
   260 00000278 C7 85 FFFFFEC0 00000001         	MOV	DWORD [-320+EBP],1
   261 00000282                                 L23:
   262 00000282 56                              	PUSH	ESI
   263 00000283 E8 00000547                     	CALL	_step
   264 00000288 01 C3                           	ADD	EBX,EAX
   265 0000028A 89 85 FFFFFEB0                  	MOV	DWORD [-336+EBP],EAX
   266 00000290 58                              	POP	EAX
   267 00000291                                 L24:
   268 00000291 8D 43 FD                        	LEA	EAX,DWORD [-3+EBX]
   269 00000294 83 F8 3D                        	CMP	EAX,61
   270 00000297 0F 87 000002A9                  	JA	L41
   271 0000029D FF 24 85 [0000017C]             	JMP	DWORD [L42+EAX*4]
   272                                          [SECTION .data]
   273 00000179 00 00 00                        	ALIGNB	4
   274 0000017C                                 L42:
   275 0000017C [0000052F]                      	DD	L33
   276 00000180 [00000546]                      	DD	L41
   277 00000184 [00000546]                      	DD	L41
   278 00000188 [00000565]                      	DD	L39
   279 0000018C [00000546]                      	DD	L41
   280 00000190 [00000546]                      	DD	L41
   281 00000194 [00000546]                      	DD	L41
   282 00000198 [000002A4]                      	DD	L28
   283 0000019C [00000546]                      	DD	L41
   284 000001A0 [0000052F]                      	DD	L33
   285 000001A4 [00000546]                      	DD	L41
   286 000001A8 [00000546]                      	DD	L41
   287 000001AC [00000546]                      	DD	L41
   288 000001B0 [00000546]                      	DD	L41
   289 000001B4 [00000546]                      	DD	L41
   290 000001B8 [00000546]                      	DD	L41
   291 000001BC [00000546]                      	DD	L41
   292 000001C0 [000002A4]                      	DD	L28
   293 000001C4 [00000546]                      	DD	L41
   294 000001C8 [00000546]                      	DD	L41
   295 000001CC [00000546]                      	DD	L41
   296 000001D0 [00000546]                      	DD	L41
   297 000001D4 [00000546]                      	DD	L41
   298 000001D8 [00000546]                      	DD	L41
   299 000001DC [00000546]                      	DD	L41
   300 000001E0 [00000546]                      	DD	L41
   301 000001E4 [00000546]                      	DD	L41
   302 000001E8 [000002A4]                      	DD	L28
   303 000001EC [00000546]                      	DD	L41
   304 000001F0 [0000052F]                      	DD	L33
   305 000001F4 [00000565]                      	DD	L39
   306 000001F8 [0000052F]                      	DD	L33
   307 000001FC [00000546]                      	DD	L41
   308 00000200 [00000546]                      	DD	L41
   309 00000204 [00000546]                      	DD	L41
   310 00000208 [00000546]                      	DD	L41
   311 0000020C [00000546]                      	DD	L41
   312 00000210 [00000546]                      	DD	L41
   313 00000214 [00000565]                      	DD	L39
   314 00000218 [00000546]                      	DD	L41
   315 0000021C [00000546]                      	DD	L41
   316 00000220 [00000546]                      	DD	L41
   317 00000224 [00000546]                      	DD	L41
   318 00000228 [00000546]                      	DD	L41
   319 0000022C [00000546]                      	DD	L41
   320 00000230 [00000546]                      	DD	L41
   321 00000234 [00000546]                      	DD	L41
   322 00000238 [00000546]                      	DD	L41
   323 0000023C [00000565]                      	DD	L39
   324 00000240 [00000546]                      	DD	L41
   325 00000244 [00000546]                      	DD	L41
   326 00000248 [00000546]                      	DD	L41
   327 0000024C [00000546]                      	DD	L41
   328 00000250 [00000546]                      	DD	L41
   329 00000254 [00000546]                      	DD	L41
   330 00000258 [00000546]                      	DD	L41
   331 0000025C [00000546]                      	DD	L41
   332 00000260 [0000052F]                      	DD	L33
   333 00000264 [00000546]                      	DD	L41
   334 00000268 [00000546]                      	DD	L41
   335 0000026C [00000546]                      	DD	L41
   336 00000270 [00000565]                      	DD	L39
   337                                          [SECTION .text]
   338 000002A4                                 L28:
   339 000002A4 89 D8                           	MOV	EAX,EBX
   340 000002A6 68 [000000A1]                   	PUSH	LC11
   341 000002AB 8B 9D FFFFFEB4                  	MOV	EBX,DWORD [-332+EBP]
   342 000002B1 89 85 FFFFFEB4                  	MOV	DWORD [-332+EBP],EAX
   343 000002B7                                 L88:
   344 000002B7 8D 85 FFFFFEE4                  	LEA	EAX,DWORD [-284+EBP]
   345 000002BD 50                              	PUSH	EAX
   346 000002BE E8 [00000000]                   	CALL	_sprintf
   347 000002C3 59                              	POP	ECX
   348 000002C4 5F                              	POP	EDI
   349 000002C5                                 L25:
   350 000002C5 83 BD FFFFFEC0 01               	CMP	DWORD [-320+EBP],1
   351 000002CC 0F 84 00000246                  	JE	L90
   352 000002D2 8B 85 FFFFFEB4                  	MOV	EAX,DWORD [-332+EBP]
   353 000002D8 89 9D FFFFFEB8                  	MOV	DWORD [-328+EBP],EBX
   354 000002DE 89 85 FFFFFEBC                  	MOV	DWORD [-324+EBP],EAX
   355 000002E4                                 L44:
   356 000002E4 31 C0                           	XOR	EAX,EAX
   357 000002E6 8D 55 A4                        	LEA	EDX,DWORD [-92+EBP]
   358 000002E9                                 L58:
   359 000002E9 3C 0A                           	CMP	AL,10
   360 000002EB 0F 84 0000021F                  	JE	L50
   361 000002F1 3C 14                           	CMP	AL,20
   362 000002F3 0F 84 00000217                  	JE	L50
   363 000002F9 3C 1E                           	CMP	AL,30
   364 000002FB 0F 84 0000020F                  	JE	L50
   365 00000301 3C 03                           	CMP	AL,3
   366 00000303 0F 84 000001FF                  	JE	L53
   367 00000309 3C 0C                           	CMP	AL,12
   368 0000030B 0F 84 000001F7                  	JE	L53
   369 00000311 3C 20                           	CMP	AL,32
   370 00000313 0F 84 000001EF                  	JE	L53
   371 00000319 3C 22                           	CMP	AL,34
   372 0000031B 0F 84 000001E7                  	JE	L53
   373 00000321 3C 3C                           	CMP	AL,60
   374 00000323 0F 84 000001DF                  	JE	L53
   375 00000329 3C 06                           	CMP	AL,6
   376 0000032B 0F 84 000001CF                  	JE	L56
   377 00000331 3C 21                           	CMP	AL,33
   378 00000333 0F 84 000001C7                  	JE	L56
   379 00000339 3C 29                           	CMP	AL,41
   380 0000033B 0F 84 000001BF                  	JE	L56
   381 00000341 3C 33                           	CMP	AL,51
   382 00000343 0F 84 000001B7                  	JE	L56
   383 00000349 3C 40                           	CMP	AL,64
   384 0000034B 0F 84 000001AF                  	JE	L56
   385 00000351 C6 02 00                        	MOV	BYTE [EDX],0
   386 00000354                                 L47:
   387 00000354 40                              	INC	EAX
   388 00000355 42                              	INC	EDX
   389 00000356 3C 41                           	CMP	AL,65
   390 00000358 76 8F                           	JBE	L58
   391 0000035A 8B 85 FFFFFEB8                  	MOV	EAX,DWORD [-328+EBP]
   392 00000360 39 85 FFFFFEBC                  	CMP	DWORD [-324+EBP],EAX
   393 00000366 0F 84 00000184                  	JE	L91
   394 0000036C 8B 85 FFFFFEBC                  	MOV	EAX,DWORD [-324+EBP]
   395 00000372 C6 44 05 A4 04                  	MOV	BYTE [-92+EBP+EAX*1],4
   396 00000377 8B 85 FFFFFEB8                  	MOV	EAX,DWORD [-328+EBP]
   397 0000037D C6 44 05 A4 05                  	MOV	BYTE [-92+EBP+EAX*1],5
   398 00000382                                 L60:
   399 00000382 8D 85 FFFFFF04                  	LEA	EAX,DWORD [-252+EBP]
   400 00000388 8D BD FFFFFEC4                  	LEA	EDI,DWORD [-316+EBP]
   401 0000038E 50                              	PUSH	EAX
   402 0000038F 8D 45 A4                        	LEA	EAX,DWORD [-92+EBP]
   403 00000392 50                              	PUSH	EAX
   404 00000393 56                              	PUSH	ESI
   405 00000394 E8 0000021A                     	CALL	_drawmap
   406 00000399 8D 85 FFFFFEE4                  	LEA	EAX,DWORD [-284+EBP]
   407 0000039F 50                              	PUSH	EAX
   408 000003A0 56                              	PUSH	ESI
   409 000003A1 E8 000002FB                     	CALL	_noteinfo
   410 000003A6 FF B5 FFFFFEB8                  	PUSH	DWORD [-328+EBP]
   411 000003AC FF B5 FFFFFEBC                  	PUSH	DWORD [-324+EBP]
   412 000003B2 68 [000000C7]                   	PUSH	LC15
   413 000003B7 57                              	PUSH	EDI
   414 000003B8 E8 [00000000]                   	CALL	_sprintf
   415 000003BD 83 C4 24                        	ADD	ESP,36
   416 000003C0 6A 00                           	PUSH	0
   417 000003C2 68 000000CB                     	PUSH	203
   418 000003C7 68 00000149                     	PUSH	329
   419 000003CC 68 000000BB                     	PUSH	187
   420 000003D1 6A 06                           	PUSH	6
   421 000003D3 56                              	PUSH	ESI
   422 000003D4 E8 [00000000]                   	CALL	_api_boxfilwin
   423 000003D9 31 C0                           	XOR	EAX,EAX
   424 000003DB FC                              	CLD
   425 000003DC 57                              	PUSH	EDI
   426 000003DD 83 C9 FF                        	OR	ECX,-1
   427 000003E0 F2                              	REPNE
   428 000003E1 AE                              	SCASB
   429 000003E2 F7 D1                           	NOT	ECX
   430 000003E4 49                              	DEC	ECX
   431 000003E5 51                              	PUSH	ECX
   432 000003E6 6A 07                           	PUSH	7
   433 000003E8 68 000000BB                     	PUSH	187
   434 000003ED 6A 06                           	PUSH	6
   435 000003EF 56                              	PUSH	ESI
   436 000003F0 E8 [00000000]                   	CALL	_api_putstrwin
   437 000003F5 83 C4 30                        	ADD	ESP,48
   438 000003F8                                 L61:
   439 000003F8 6A 01                           	PUSH	1
   440 000003FA E8 [00000000]                   	CALL	_api_getkey
   441 000003FF 5A                              	POP	EDX
   442 00000400 3C 0A                           	CMP	AL,10
   443 00000402 74 1B                           	JE	L92
   444 00000404 3C 51                           	CMP	AL,81
   445 00000406 74 04                           	JE	L74
   446 00000408 3C 71                           	CMP	AL,113
   447 0000040A 75 EC                           	JNE	L61
   448 0000040C                                 L74:
   449 0000040C 56                              	PUSH	ESI
   450 0000040D E8 [00000000]                   	CALL	_api_closewin
   451 00000412 E8 [00000000]                   	CALL	_api_end
   452 00000417 8D 65 F4                        	LEA	ESP,DWORD [-12+EBP]
   453 0000041A 5B                              	POP	EBX
   454 0000041B 5E                              	POP	ESI
   455 0000041C 5F                              	POP	EDI
   456 0000041D 5D                              	POP	EBP
   457 0000041E C3                              	RET
   458 0000041F                                 L92:
   459 0000041F 83 FB 0A                        	CMP	EBX,10
   460 00000422 0F 84 FFFFFE69                  	JE	L24
   461 00000428 83 FB 14                        	CMP	EBX,20
   462 0000042B 0F 84 FFFFFE60                  	JE	L24
   463 00000431 83 FB 1E                        	CMP	EBX,30
   464 00000434 0F 84 FFFFFE57                  	JE	L24
   465 0000043A 83 FB 03                        	CMP	EBX,3
   466 0000043D 0F 84 FFFFFE4E                  	JE	L24
   467 00000443 83 FB 0C                        	CMP	EBX,12
   468 00000446 0F 84 FFFFFE45                  	JE	L24
   469 0000044C 83 FB 20                        	CMP	EBX,32
   470 0000044F 0F 84 FFFFFE3C                  	JE	L24
   471 00000455 83 FB 22                        	CMP	EBX,34
   472 00000458 0F 84 FFFFFE33                  	JE	L24
   473 0000045E 83 FB 3C                        	CMP	EBX,60
   474 00000461 0F 84 FFFFFE2A                  	JE	L24
   475 00000467 83 FB 06                        	CMP	EBX,6
   476 0000046A 0F 84 FFFFFE21                  	JE	L24
   477 00000470 83 FB 21                        	CMP	EBX,33
   478 00000473 0F 84 FFFFFE18                  	JE	L24
   479 00000479 83 FB 29                        	CMP	EBX,41
   480 0000047C 0F 84 FFFFFE0F                  	JE	L24
   481 00000482 83 FB 33                        	CMP	EBX,51
   482 00000485 0F 84 FFFFFE06                  	JE	L24
   483 0000048B 83 FB 40                        	CMP	EBX,64
   484 0000048E 0F 84 FFFFFDFD                  	JE	L24
   485 00000494 83 FB 41                        	CMP	EBX,65
   486 00000497 0F 85 FFFFFDBC                  	JNE	L21
   487 0000049D                                 L69:
   488 0000049D 83 BD FFFFFEC0 01               	CMP	DWORD [-320+EBP],1
   489 000004A4 74 43                           	JE	L93
   490 000004A6 68 [000000D3]                   	PUSH	LC17
   491 000004AB                                 L89:
   492 000004AB 8D 85 FFFFFEE4                  	LEA	EAX,DWORD [-284+EBP]
   493 000004B1 50                              	PUSH	EAX
   494 000004B2 E8 [00000000]                   	CALL	_sprintf
   495 000004B7 5F                              	POP	EDI
   496 000004B8 58                              	POP	EAX
   497 000004B9 8D 85 FFFFFEE4                  	LEA	EAX,DWORD [-284+EBP]
   498 000004BF 50                              	PUSH	EAX
   499 000004C0 56                              	PUSH	ESI
   500 000004C1 E8 000001DB                     	CALL	_noteinfo
   501 000004C6 59                              	POP	ECX
   502 000004C7 5B                              	POP	EBX
   503 000004C8                                 L77:
   504 000004C8 6A 01                           	PUSH	1
   505 000004CA E8 [00000000]                   	CALL	_api_getkey
   506 000004CF 5A                              	POP	EDX
   507 000004D0 3C 0A                           	CMP	AL,10
   508 000004D2 0F 84 FFFFFD6D                  	JE	L20
   509 000004D8 3C 51                           	CMP	AL,81
   510 000004DA 0F 84 FFFFFF2C                  	JE	L74
   511 000004E0 3C 71                           	CMP	AL,113
   512 000004E2 75 E4                           	JNE	L77
   513 000004E4 E9 FFFFFF23                     	JMP	L74
   514 000004E9                                 L93:
   515 000004E9 68 [000000F2]                   	PUSH	LC16
   516 000004EE EB BB                           	JMP	L89
   517 000004F0                                 L91:
   518 000004F0 8B 85 FFFFFEBC                  	MOV	EAX,DWORD [-324+EBP]
   519 000004F6 C6 44 05 A4 06                  	MOV	BYTE [-92+EBP+EAX*1],6
   520 000004FB E9 FFFFFE82                     	JMP	L60
   521 00000500                                 L56:
   522 00000500 C6 02 01                        	MOV	BYTE [EDX],1
   523 00000503 E9 FFFFFE4C                     	JMP	L47
   524 00000508                                 L53:
   525 00000508 C6 02 02                        	MOV	BYTE [EDX],2
   526 0000050B E9 FFFFFE44                     	JMP	L47
   527 00000510                                 L50:
   528 00000510 C6 02 03                        	MOV	BYTE [EDX],3
   529 00000513 E9 FFFFFE3C                     	JMP	L47
   530 00000518                                 L90:
   531 00000518 8B 85 FFFFFEB4                  	MOV	EAX,DWORD [-332+EBP]
   532 0000051E 89 9D FFFFFEBC                  	MOV	DWORD [-324+EBP],EBX
   533 00000524 89 85 FFFFFEB8                  	MOV	DWORD [-328+EBP],EAX
   534 0000052A E9 FFFFFDB5                     	JMP	L44
   535 0000052F                                 L33:
   536 0000052F 83 C3 05                        	ADD	EBX,5
   537 00000532 83 FB 40                        	CMP	EBX,64
   538 00000535 7E 05                           	JLE	L34
   539 00000537 BB 00000041                     	MOV	EBX,65
   540 0000053C                                 L34:
   541 0000053C 68 [00000113]                   	PUSH	LC12
   542 00000541 E9 FFFFFD71                     	JMP	L88
   543 00000546                                 L41:
   544 00000546 FF B5 FFFFFEB0                  	PUSH	DWORD [-336+EBP]
   545 0000054C 68 [00000134]                   	PUSH	LC14
   546 00000551 8D 85 FFFFFEE4                  	LEA	EAX,DWORD [-284+EBP]
   547 00000557 50                              	PUSH	EAX
   548 00000558 E8 [00000000]                   	CALL	_sprintf
   549 0000055D 83 C4 0C                        	ADD	ESP,12
   550 00000560 E9 FFFFFD60                     	JMP	L25
   551 00000565                                 L39:
   552 00000565 83 EB 05                        	SUB	EBX,5
   553 00000568 85 DB                           	TEST	EBX,EBX
   554 0000056A 7E 0A                           	JLE	L94
   555 0000056C                                 L40:
   556 0000056C 68 [00000156]                   	PUSH	LC13
   557 00000571 E9 FFFFFD41                     	JMP	L88
   558 00000576                                 L94:
   559 00000576 31 DB                           	XOR	EBX,EBX
   560 00000578 EB F2                           	JMP	L40
   561 0000057A                                 L22:
   562 0000057A 8B 85 FFFFFEBC                  	MOV	EAX,DWORD [-324+EBP]
   563 00000580 8B 9D FFFFFEB8                  	MOV	EBX,DWORD [-328+EBP]
   564 00000586 89 85 FFFFFEB4                  	MOV	DWORD [-332+EBP],EAX
   565 0000058C C7 85 FFFFFEC0 00000000         	MOV	DWORD [-320+EBP],0
   566 00000596 E9 FFFFFCE7                     	JMP	L23
   567 0000059B                                 L17:
   568 0000059B C6 02 01                        	MOV	BYTE [EDX],1
   569 0000059E E9 FFFFFC80                     	JMP	L8
   570 000005A3                                 L14:
   571 000005A3 C6 02 02                        	MOV	BYTE [EDX],2
   572 000005A6 E9 FFFFFC78                     	JMP	L8
   573 000005AB                                 L11:
   574 000005AB C6 02 03                        	MOV	BYTE [EDX],3
   575 000005AE E9 FFFFFC70                     	JMP	L8
   576 000005B3                                 	GLOBAL	_drawmap
   577 000005B3                                 _drawmap:
   578 000005B3 55                              	PUSH	EBP
   579 000005B4 89 E5                           	MOV	EBP,ESP
   580 000005B6 56                              	PUSH	ESI
   581 000005B7 53                              	PUSH	EBX
   582 000005B8 8B 5D 10                        	MOV	EBX,DWORD [16+EBP]
   583 000005BB 8B 75 08                        	MOV	ESI,DWORD [8+EBP]
   584 000005BE 53                              	PUSH	EBX
   585 000005BF FF 75 0C                        	PUSH	DWORD [12+EBP]
   586 000005C2 E8 00000127                     	CALL	_trans
   587 000005C7 6A 00                           	PUSH	0
   588 000005C9 68 000000FE                     	PUSH	254
   589 000005CE 68 00000149                     	PUSH	329
   590 000005D3 6A 1B                           	PUSH	27
   591 000005D5 6A 06                           	PUSH	6
   592 000005D7 56                              	PUSH	ESI
   593 000005D8 E8 [00000000]                   	CALL	_api_boxfilwin
   594 000005DD 83 C4 20                        	ADD	ESP,32
   595 000005E0 53                              	PUSH	EBX
   596 000005E1 6A 28                           	PUSH	40
   597 000005E3 6A 07                           	PUSH	7
   598 000005E5 6A 1B                           	PUSH	27
   599 000005E7 6A 06                           	PUSH	6
   600 000005E9 56                              	PUSH	ESI
   601 000005EA E8 [00000000]                   	CALL	_api_putstrwin
   602 000005EF 8D 43 2A                        	LEA	EAX,DWORD [42+EBX]
   603 000005F2 50                              	PUSH	EAX
   604 000005F3 6A 02                           	PUSH	2
   605 000005F5 6A 07                           	PUSH	7
   606 000005F7 6A 2B                           	PUSH	43
   607 000005F9 68 00000136                     	PUSH	310
   608 000005FE 56                              	PUSH	ESI
   609 000005FF E8 [00000000]                   	CALL	_api_putstrwin
   610 00000604 8D 43 2E                        	LEA	EAX,DWORD [46+EBX]
   611 00000607 83 C4 30                        	ADD	ESP,48
   612 0000060A 50                              	PUSH	EAX
   613 0000060B 6A 02                           	PUSH	2
   614 0000060D 6A 07                           	PUSH	7
   615 0000060F 6A 3B                           	PUSH	59
   616 00000611 68 00000136                     	PUSH	310
   617 00000616 56                              	PUSH	ESI
   618 00000617 E8 [00000000]                   	CALL	_api_putstrwin
   619 0000061C 8D 43 32                        	LEA	EAX,DWORD [50+EBX]
   620 0000061F 50                              	PUSH	EAX
   621 00000620 6A 02                           	PUSH	2
   622 00000622 6A 07                           	PUSH	7
   623 00000624 6A 4B                           	PUSH	75
   624 00000626 68 00000136                     	PUSH	310
   625 0000062B 56                              	PUSH	ESI
   626 0000062C E8 [00000000]                   	CALL	_api_putstrwin
   627 00000631 8D 43 36                        	LEA	EAX,DWORD [54+EBX]
   628 00000634 83 C4 30                        	ADD	ESP,48
   629 00000637 50                              	PUSH	EAX
   630 00000638 6A 28                           	PUSH	40
   631 0000063A 6A 07                           	PUSH	7
   632 0000063C 6A 5B                           	PUSH	91
   633 0000063E 6A 06                           	PUSH	6
   634 00000640 56                              	PUSH	ESI
   635 00000641 E8 [00000000]                   	CALL	_api_putstrwin
   636 00000646 8D 43 60                        	LEA	EAX,DWORD [96+EBX]
   637 00000649 50                              	PUSH	EAX
   638 0000064A 6A 02                           	PUSH	2
   639 0000064C 6A 07                           	PUSH	7
   640 0000064E 6A 6B                           	PUSH	107
   641 00000650 6A 06                           	PUSH	6
   642 00000652 56                              	PUSH	ESI
   643 00000653 E8 [00000000]                   	CALL	_api_putstrwin
   644 00000658 8D 43 64                        	LEA	EAX,DWORD [100+EBX]
   645 0000065B 83 C4 30                        	ADD	ESP,48
   646 0000065E 50                              	PUSH	EAX
   647 0000065F 6A 02                           	PUSH	2
   648 00000661 6A 07                           	PUSH	7
   649 00000663 6A 7B                           	PUSH	123
   650 00000665 6A 06                           	PUSH	6
   651 00000667 56                              	PUSH	ESI
   652 00000668 E8 [00000000]                   	CALL	_api_putstrwin
   653 0000066D 8D 43 68                        	LEA	EAX,DWORD [104+EBX]
   654 00000670 50                              	PUSH	EAX
   655 00000671 83 C3 6C                        	ADD	EBX,108
   656 00000674 6A 02                           	PUSH	2
   657 00000676 6A 07                           	PUSH	7
   658 00000678 68 0000008B                     	PUSH	139
   659 0000067D 6A 06                           	PUSH	6
   660 0000067F 56                              	PUSH	ESI
   661 00000680 E8 [00000000]                   	CALL	_api_putstrwin
   662 00000685 83 C4 30                        	ADD	ESP,48
   663 00000688 53                              	PUSH	EBX
   664 00000689 6A 28                           	PUSH	40
   665 0000068B 6A 07                           	PUSH	7
   666 0000068D 68 0000009B                     	PUSH	155
   667 00000692 6A 06                           	PUSH	6
   668 00000694 56                              	PUSH	ESI
   669 00000695 E8 [00000000]                   	CALL	_api_putstrwin
   670 0000069A 8D 65 F8                        	LEA	ESP,DWORD [-8+EBP]
   671 0000069D 5B                              	POP	EBX
   672 0000069E 5E                              	POP	ESI
   673 0000069F 5D                              	POP	EBP
   674 000006A0 C3                              	RET
   675 000006A1                                 	GLOBAL	_noteinfo
   676 000006A1                                 _noteinfo:
   677 000006A1 55                              	PUSH	EBP
   678 000006A2 31 C0                           	XOR	EAX,EAX
   679 000006A4 89 E5                           	MOV	EBP,ESP
   680 000006A6 83 C9 FF                        	OR	ECX,-1
   681 000006A9 57                              	PUSH	EDI
   682 000006AA 56                              	PUSH	ESI
   683 000006AB 8B 75 08                        	MOV	ESI,DWORD [8+EBP]
   684 000006AE 53                              	PUSH	EBX
   685 000006AF 8B 5D 0C                        	MOV	EBX,DWORD [12+EBP]
   686 000006B2 FC                              	CLD
   687 000006B3 89 DF                           	MOV	EDI,EBX
   688 000006B5 F2                              	REPNE
   689 000006B6 AE                              	SCASB
   690 000006B7 6A 00                           	PUSH	0
   691 000006B9 68 000000BB                     	PUSH	187
   692 000006BE 68 00000149                     	PUSH	329
   693 000006C3 68 000000AB                     	PUSH	171
   694 000006C8 6A 06                           	PUSH	6
   695 000006CA F7 D1                           	NOT	ECX
   696 000006CC 56                              	PUSH	ESI
   697 000006CD 8D 79 FF                        	LEA	EDI,DWORD [-1+ECX]
   698 000006D0 E8 [00000000]                   	CALL	_api_boxfilwin
   699 000006D5 53                              	PUSH	EBX
   700 000006D6 57                              	PUSH	EDI
   701 000006D7 6A 07                           	PUSH	7
   702 000006D9 68 000000AB                     	PUSH	171
   703 000006DE 6A 06                           	PUSH	6
   704 000006E0 56                              	PUSH	ESI
   705 000006E1 E8 [00000000]                   	CALL	_api_putstrwin
   706 000006E6 8D 65 F4                        	LEA	ESP,DWORD [-12+EBP]
   707 000006E9 5B                              	POP	EBX
   708 000006EA 5E                              	POP	ESI
   709 000006EB 5F                              	POP	EDI
   710 000006EC 5D                              	POP	EBP
   711 000006ED C3                              	RET
   712 000006EE                                 	GLOBAL	_trans
   713 000006EE                                 _trans:
   714 000006EE 55                              	PUSH	EBP
   715 000006EF 31 D2                           	XOR	EDX,EDX
   716 000006F1 89 E5                           	MOV	EBP,ESP
   717 000006F3 57                              	PUSH	EDI
   718 000006F4 56                              	PUSH	ESI
   719 000006F5 31 F6                           	XOR	ESI,ESI
   720 000006F7 53                              	PUSH	EBX
   721 000006F8 8B 7D 08                        	MOV	EDI,DWORD [8+EBP]
   722 000006FB 8B 5D 0C                        	MOV	EBX,DWORD [12+EBP]
   723 000006FE                                 L116:
   724 000006FE 83 FA 14                        	CMP	EDX,20
   725 00000701 0F 84 000000C2                  	JE	L103
   726 00000707 83 FA 16                        	CMP	EDX,22
   727 0000070A 0F 84 000000B9                  	JE	L103
   728 00000710 83 FA 18                        	CMP	EDX,24
   729 00000713 0F 84 000000B0                  	JE	L103
   730 00000719 83 FA 1A                        	CMP	EDX,26
   731 0000071C 0F 84 000000A7                  	JE	L103
   732 00000722 83 FA 2F                        	CMP	EDX,47
   733 00000725 0F 84 0000009E                  	JE	L103
   734 0000072B 83 FA 31                        	CMP	EDX,49
   735 0000072E 0F 84 00000095                  	JE	L103
   736 00000734 83 FA 33                        	CMP	EDX,51
   737 00000737 0F 84 0000008C                  	JE	L103
   738 0000073D 83 FA 35                        	CMP	EDX,53
   739 00000740 0F 84 00000083                  	JE	L103
   740 00000746 8D 46 E9                        	LEA	EAX,DWORD [-23+ESI]
   741 00000749 89 F1                           	MOV	ECX,ESI
   742 0000074B 83 F8 13                        	CMP	EAX,19
   743 0000074E 77 07                           	JA	L105
   744 00000750 B9 00000041                     	MOV	ECX,65
   745 00000755 29 F1                           	SUB	ECX,ESI
   746 00000757                                 L105:
   747 00000757 0F B6 04 39                     	MOVZX	EAX,BYTE [ECX+EDI*1]
   748 0000075B 83 F8 06                        	CMP	EAX,6
   749 0000075E 77 5E                           	JA	L114
   750 00000760 FF 24 85 [00000274]             	JMP	DWORD [L115+EAX*4]
   751                                          [SECTION .data]
   752 00000274                                 	ALIGNB	4
   753 00000274                                 L115:
   754 00000274 [00000767]                      	DD	L107
   755 00000278 [0000077C]                      	DD	L108
   756 0000027C [00000787]                      	DD	L109
   757 00000280 [00000792]                      	DD	L110
   758 00000284 [0000079D]                      	DD	L111
   759 00000288 [000007A8]                      	DD	L112
   760 0000028C [000007B3]                      	DD	L113
   761                                          [SECTION .text]
   762 00000767                                 L107:
   763 00000767 C6 04 53 A1                     	MOV	BYTE [EBX+EDX*2],-95
   764 0000076B C6 44 53 01 F0                  	MOV	BYTE [1+EBX+EDX*2],-16
   765 00000770                                 L106:
   766 00000770 46                              	INC	ESI
   767 00000771                                 L100:
   768 00000771 42                              	INC	EDX
   769 00000772 83 FA 49                        	CMP	EDX,73
   770 00000775 7E 87                           	JLE	L116
   771 00000777 5B                              	POP	EBX
   772 00000778 5E                              	POP	ESI
   773 00000779 5F                              	POP	EDI
   774 0000077A 5D                              	POP	EBP
   775 0000077B C3                              	RET
   776 0000077C                                 L108:
   777 0000077C C6 04 53 A1                     	MOV	BYTE [EBX+EDX*2],-95
   778 00000780 C6 44 53 01 F8                  	MOV	BYTE [1+EBX+EDX*2],-8
   779 00000785 EB E9                           	JMP	L106
   780 00000787                                 L109:
   781 00000787 C6 04 53 A1                     	MOV	BYTE [EBX+EDX*2],-95
   782 0000078B C6 44 53 01 F4                  	MOV	BYTE [1+EBX+EDX*2],-12
   783 00000790 EB DE                           	JMP	L106
   784 00000792                                 L110:
   785 00000792 C6 04 53 A1                     	MOV	BYTE [EBX+EDX*2],-95
   786 00000796 C6 44 53 01 EF                  	MOV	BYTE [1+EBX+EDX*2],-17
   787 0000079B EB D3                           	JMP	L106
   788 0000079D                                 L111:
   789 0000079D C6 04 53 A1                     	MOV	BYTE [EBX+EDX*2],-95
   790 000007A1 C6 44 53 01 E2                  	MOV	BYTE [1+EBX+EDX*2],-30
   791 000007A6 EB C8                           	JMP	L106
   792 000007A8                                 L112:
   793 000007A8 C6 04 53 A1                     	MOV	BYTE [EBX+EDX*2],-95
   794 000007AC C6 44 53 01 E1                  	MOV	BYTE [1+EBX+EDX*2],-31
   795 000007B1 EB BD                           	JMP	L106
   796 000007B3                                 L113:
   797 000007B3 C6 04 53 A1                     	MOV	BYTE [EBX+EDX*2],-95
   798 000007B7 C6 44 53 01 C7                  	MOV	BYTE [1+EBX+EDX*2],-57
   799 000007BC EB B2                           	JMP	L106
   800 000007BE                                 L114:
   801 000007BE C6 04 53 A1                     	MOV	BYTE [EBX+EDX*2],-95
   802 000007C2 C6 44 53 01 F2                  	MOV	BYTE [1+EBX+EDX*2],-14
   803 000007C7 EB A7                           	JMP	L106
   804 000007C9                                 L103:
   805 000007C9 C6 04 53 00                     	MOV	BYTE [EBX+EDX*2],0
   806 000007CD EB A2                           	JMP	L100
   807                                          [SECTION .data]
   808 00000290                                 LC18:
   809 00000290 25 64 00 00                     	DB	"%d",0x00,0x00
   810                                          [SECTION .text]
   811 000007CF                                 	GLOBAL	_step
   812 000007CF                                 _step:
   813 000007CF 55                              	PUSH	EBP
   814 000007D0 89 E5                           	MOV	EBP,ESP
   815 000007D2 57                              	PUSH	EDI
   816 000007D3 56                              	PUSH	ESI
   817 000007D4 53                              	PUSH	EBX
   818 000007D5 53                              	PUSH	EBX
   819 000007D6 8D 5D F2                        	LEA	EBX,DWORD [-14+EBP]
   820 000007D9 8B 75 08                        	MOV	ESI,DWORD [8+EBP]
   821 000007DC E8 [00000000]                   	CALL	_rand
   822 000007E1 99                              	CDQ
   823 000007E2 B9 00000007                     	MOV	ECX,7
   824 000007E7 F7 F9                           	IDIV	ECX
   825 000007E9 52                              	PUSH	EDX
   826 000007EA 89 D7                           	MOV	EDI,EDX
   827 000007EC 68 [00000290]                   	PUSH	LC18
   828 000007F1 53                              	PUSH	EBX
   829 000007F2 E8 [00000000]                   	CALL	_sprintf
   830 000007F7 6A 00                           	PUSH	0
   831 000007F9 68 000000BB                     	PUSH	187
   832 000007FE 68 00000149                     	PUSH	329
   833 00000803 68 000000AB                     	PUSH	171
   834 00000808 6A 06                           	PUSH	6
   835 0000080A 56                              	PUSH	ESI
   836 0000080B E8 [00000000]                   	CALL	_api_boxfilwin
   837 00000810 83 C4 24                        	ADD	ESP,36
   838 00000813 53                              	PUSH	EBX
   839 00000814 6A 02                           	PUSH	2
   840 00000816 6A 07                           	PUSH	7
   841 00000818 68 000000AB                     	PUSH	171
   842 0000081D 6A 06                           	PUSH	6
   843 0000081F 56                              	PUSH	ESI
   844 00000820 E8 [00000000]                   	CALL	_api_putstrwin
   845 00000825 83 C4 18                        	ADD	ESP,24
   846 00000828                                 L120:
   847 00000828 6A 01                           	PUSH	1
   848 0000082A E8 [00000000]                   	CALL	_api_getkey
   849 0000082F 59                              	POP	ECX
   850 00000830 3C 0A                           	CMP	AL,10
   851 00000832 75 F4                           	JNE	L120
   852 00000834 8D 65 F4                        	LEA	ESP,DWORD [-12+EBP]
   853 00000837 89 F8                           	MOV	EAX,EDI
   854 00000839 5B                              	POP	EBX
   855 0000083A 5E                              	POP	ESI
   856 0000083B 5F                              	POP	EDI
   857 0000083C 5D                              	POP	EBP
   858 0000083D C3                              	RET
