     1 00000000                                 [FORMAT "WCOFF"]
     2 00000000                                 [INSTRSET "i486p"]
     3 00000000                                 [OPTIMIZE 1]
     4 00000000                                 [OPTION 1]
     5 00000000                                 [BITS 32]
     6 00000000                                 	EXTERN	_boxfill8
     7 00000000                                 	EXTERN	_putfonts8_asc
     8 00000000                                 	EXTERN	_closebtn.0
     9 00000000                                 	EXTERN	_task_now
    10 00000000                                 	EXTERN	_sheet_refresh
    11 00000000                                 [FILE "window.c"]
    12                                          [SECTION .data]
    13 00000000                                 _closebtn.0:
    14 00000000 4F 4F 4F 4F 4F 4F 4F 4F 4F 4F   	DB	"OOOOOOOOOOOOOOO@"
       0000000A 4F 4F 4F 4F 4F 40 
    15 00000010 4F 51 51 51 51 51 51 51 51 51   	DB	"OQQQQQQQQQQQQQ$@"
       0000001A 51 51 51 51 24 40 
    16 00000020 4F 51 51 51 51 51 51 51 51 51   	DB	"OQQQQQQQQQQQQQ$@"
       0000002A 51 51 51 51 24 40 
    17 00000030 4F 51 51 51 40 40 51 51 51 51   	DB	"OQQQ@@QQQQ@@QQ$@"
       0000003A 40 40 51 51 24 40 
    18 00000040 4F 51 51 51 51 40 40 51 51 40   	DB	"OQQQQ@@QQ@@QQQ$@"
       0000004A 40 51 51 51 24 40 
    19 00000050 4F 51 51 51 51 51 40 40 40 40   	DB	"OQQQQQ@@@@QQQQ$@"
       0000005A 51 51 51 51 24 40 
    20 00000060 4F 51 51 51 51 51 51 40 40 51   	DB	"OQQQQQQ@@QQQQQ$@"
       0000006A 51 51 51 51 24 40 
    21 00000070 4F 51 51 51 51 51 40 40 40 40   	DB	"OQQQQQ@@@@QQQQ$@"
       0000007A 51 51 51 51 24 40 
    22 00000080 4F 51 51 51 51 40 40 51 51 40   	DB	"OQQQQ@@QQ@@QQQ$@"
       0000008A 40 51 51 51 24 40 
    23 00000090 4F 51 51 51 40 40 51 51 51 51   	DB	"OQQQ@@QQQQ@@QQ$@"
       0000009A 40 40 51 51 24 40 
    24 000000A0 4F 51 51 51 51 51 51 51 51 51   	DB	"OQQQQQQQQQQQQQ$@"
       000000AA 51 51 51 51 24 40 
    25 000000B0 4F 51 51 51 51 51 51 51 51 51   	DB	"OQQQQQQQQQQQQQ$@"
       000000BA 51 51 51 51 24 40 
    26 000000C0 4F 24 24 24 24 24 24 24 24 24   	DB	"O$$$$$$$$$$$$$$@"
       000000CA 24 24 24 24 24 40 
    27 000000D0 40 40 40 40 40 40 40 40 40 40   	DB	"@@@@@@@@@@@@@@@@"
       000000DA 40 40 40 40 40 40 
    28                                          [SECTION .text]
    29 00000000                                 	GLOBAL	_make_window6
    30 00000000                                 _make_window6:
    31 00000000 55                              	PUSH	EBP
    32 00000001 89 E5                           	MOV	EBP,ESP
    33 00000003 57                              	PUSH	EDI
    34 00000004 56                              	PUSH	ESI
    35 00000005 53                              	PUSH	EBX
    36 00000006 83 EC 14                        	SUB	ESP,20
    37 00000009 8B 5D 0C                        	MOV	EBX,DWORD [12+EBP]
    38 0000000C 6A 00                           	PUSH	0
    39 0000000E 8D 43 FF                        	LEA	EAX,DWORD [-1+EBX]
    40 00000011 8D 7B FE                        	LEA	EDI,DWORD [-2+EBX]
    41 00000014 50                              	PUSH	EAX
    42 00000015 89 45 EC                        	MOV	DWORD [-20+EBP],EAX
    43 00000018 6A 00                           	PUSH	0
    44 0000001A 6A 00                           	PUSH	0
    45 0000001C 6A 08                           	PUSH	8
    46 0000001E 53                              	PUSH	EBX
    47 0000001F FF 75 08                        	PUSH	DWORD [8+EBP]
    48 00000022 E8 [00000000]                   	CALL	_boxfill8
    49 00000027 6A 01                           	PUSH	1
    50 00000029 57                              	PUSH	EDI
    51 0000002A 6A 01                           	PUSH	1
    52 0000002C 6A 01                           	PUSH	1
    53 0000002E 6A 07                           	PUSH	7
    54 00000030 53                              	PUSH	EBX
    55 00000031 FF 75 08                        	PUSH	DWORD [8+EBP]
    56 00000034 E8 [00000000]                   	CALL	_boxfill8
    57 00000039 8B 55 10                        	MOV	EDX,DWORD [16+EBP]
    58 0000003C 83 C4 38                        	ADD	ESP,56
    59 0000003F 4A                              	DEC	EDX
    60 00000040 89 55 E8                        	MOV	DWORD [-24+EBP],EDX
    61 00000043 52                              	PUSH	EDX
    62 00000044 6A 00                           	PUSH	0
    63 00000046 6A 00                           	PUSH	0
    64 00000048 6A 00                           	PUSH	0
    65 0000004A 6A 08                           	PUSH	8
    66 0000004C 53                              	PUSH	EBX
    67 0000004D FF 75 08                        	PUSH	DWORD [8+EBP]
    68 00000050 E8 [00000000]                   	CALL	_boxfill8
    69 00000055 8B 75 10                        	MOV	ESI,DWORD [16+EBP]
    70 00000058 83 EE 02                        	SUB	ESI,2
    71 0000005B 56                              	PUSH	ESI
    72 0000005C 6A 01                           	PUSH	1
    73 0000005E 6A 01                           	PUSH	1
    74 00000060 6A 01                           	PUSH	1
    75 00000062 6A 07                           	PUSH	7
    76 00000064 53                              	PUSH	EBX
    77 00000065 FF 75 08                        	PUSH	DWORD [8+EBP]
    78 00000068 E8 [00000000]                   	CALL	_boxfill8
    79 0000006D 83 C4 38                        	ADD	ESP,56
    80 00000070 56                              	PUSH	ESI
    81 00000071 57                              	PUSH	EDI
    82 00000072 6A 01                           	PUSH	1
    83 00000074 57                              	PUSH	EDI
    84 00000075 6A 0F                           	PUSH	15
    85 00000077 53                              	PUSH	EBX
    86 00000078 FF 75 08                        	PUSH	DWORD [8+EBP]
    87 0000007B E8 [00000000]                   	CALL	_boxfill8
    88 00000080 FF 75 E8                        	PUSH	DWORD [-24+EBP]
    89 00000083 FF 75 EC                        	PUSH	DWORD [-20+EBP]
    90 00000086 6A 00                           	PUSH	0
    91 00000088 FF 75 EC                        	PUSH	DWORD [-20+EBP]
    92 0000008B 6A 00                           	PUSH	0
    93 0000008D 53                              	PUSH	EBX
    94 0000008E FF 75 08                        	PUSH	DWORD [8+EBP]
    95 00000091 E8 [00000000]                   	CALL	_boxfill8
    96 00000096 8B 45 10                        	MOV	EAX,DWORD [16+EBP]
    97 00000099 83 C4 38                        	ADD	ESP,56
    98 0000009C 83 E8 03                        	SUB	EAX,3
    99 0000009F 50                              	PUSH	EAX
   100 000000A0 8D 43 FD                        	LEA	EAX,DWORD [-3+EBX]
   101 000000A3 50                              	PUSH	EAX
   102 000000A4 6A 02                           	PUSH	2
   103 000000A6 6A 02                           	PUSH	2
   104 000000A8 6A 08                           	PUSH	8
   105 000000AA 53                              	PUSH	EBX
   106 000000AB FF 75 08                        	PUSH	DWORD [8+EBP]
   107 000000AE E8 [00000000]                   	CALL	_boxfill8
   108 000000B3 8D 43 FC                        	LEA	EAX,DWORD [-4+EBX]
   109 000000B6 6A 14                           	PUSH	20
   110 000000B8 50                              	PUSH	EAX
   111 000000B9 6A 03                           	PUSH	3
   112 000000BB 6A 03                           	PUSH	3
   113 000000BD 6A 0C                           	PUSH	12
   114 000000BF 53                              	PUSH	EBX
   115 000000C0 FF 75 08                        	PUSH	DWORD [8+EBP]
   116 000000C3 E8 [00000000]                   	CALL	_boxfill8
   117 000000C8 83 C4 38                        	ADD	ESP,56
   118 000000CB 56                              	PUSH	ESI
   119 000000CC 57                              	PUSH	EDI
   120 000000CD 56                              	PUSH	ESI
   121 000000CE 6A 01                           	PUSH	1
   122 000000D0 6A 0F                           	PUSH	15
   123 000000D2 53                              	PUSH	EBX
   124 000000D3 FF 75 08                        	PUSH	DWORD [8+EBP]
   125 000000D6 E8 [00000000]                   	CALL	_boxfill8
   126 000000DB FF 75 E8                        	PUSH	DWORD [-24+EBP]
   127 000000DE FF 75 EC                        	PUSH	DWORD [-20+EBP]
   128 000000E1 FF 75 E8                        	PUSH	DWORD [-24+EBP]
   129 000000E4 6A 00                           	PUSH	0
   130 000000E6 6A 00                           	PUSH	0
   131 000000E8 53                              	PUSH	EBX
   132 000000E9 FF 75 08                        	PUSH	DWORD [8+EBP]
   133 000000EC E8 [00000000]                   	CALL	_boxfill8
   134 000000F1 83 C4 38                        	ADD	ESP,56
   135 000000F4 6B F3 05                        	IMUL	ESI,EBX,5
   136 000000F7 6A 24                           	PUSH	36
   137 000000F9 6A 10                           	PUSH	16
   138 000000FB 6A 16                           	PUSH	22
   139 000000FD 6A 02                           	PUSH	2
   140 000000FF 6A 00                           	PUSH	0
   141 00000101 53                              	PUSH	EBX
   142 00000102 FF 75 08                        	PUSH	DWORD [8+EBP]
   143 00000105 E8 [00000000]                   	CALL	_boxfill8
   144 0000010A 6A 24                           	PUSH	36
   145 0000010C 6A 1E                           	PUSH	30
   146 0000010E 6A 16                           	PUSH	22
   147 00000110 6A 10                           	PUSH	16
   148 00000112 6A 01                           	PUSH	1
   149 00000114 53                              	PUSH	EBX
   150 00000115 FF 75 08                        	PUSH	DWORD [8+EBP]
   151 00000118 E8 [00000000]                   	CALL	_boxfill8
   152 0000011D 83 C4 38                        	ADD	ESP,56
   153 00000120 6A 24                           	PUSH	36
   154 00000122 6A 2C                           	PUSH	44
   155 00000124 6A 16                           	PUSH	22
   156 00000126 6A 1E                           	PUSH	30
   157 00000128 6A 02                           	PUSH	2
   158 0000012A 53                              	PUSH	EBX
   159 0000012B FF 75 08                        	PUSH	DWORD [8+EBP]
   160 0000012E E8 [00000000]                   	CALL	_boxfill8
   161 00000133 6A 24                           	PUSH	36
   162 00000135 6A 3A                           	PUSH	58
   163 00000137 6A 16                           	PUSH	22
   164 00000139 6A 2C                           	PUSH	44
   165 0000013B 6A 03                           	PUSH	3
   166 0000013D 53                              	PUSH	EBX
   167 0000013E FF 75 08                        	PUSH	DWORD [8+EBP]
   168 00000141 E8 [00000000]                   	CALL	_boxfill8
   169 00000146 83 C4 38                        	ADD	ESP,56
   170 00000149 6A 24                           	PUSH	36
   171 0000014B 6A 48                           	PUSH	72
   172 0000014D 6A 16                           	PUSH	22
   173 0000014F 6A 3A                           	PUSH	58
   174 00000151 6A 04                           	PUSH	4
   175 00000153 53                              	PUSH	EBX
   176 00000154 FF 75 08                        	PUSH	DWORD [8+EBP]
   177 00000157 E8 [00000000]                   	CALL	_boxfill8
   178 0000015C 6A 24                           	PUSH	36
   179 0000015E 6A 56                           	PUSH	86
   180 00000160 6A 16                           	PUSH	22
   181 00000162 6A 48                           	PUSH	72
   182 00000164 6A 05                           	PUSH	5
   183 00000166 53                              	PUSH	EBX
   184 00000167 FF 75 08                        	PUSH	DWORD [8+EBP]
   185 0000016A E8 [00000000]                   	CALL	_boxfill8
   186 0000016F 83 C4 38                        	ADD	ESP,56
   187 00000172 6A 24                           	PUSH	36
   188 00000174 6A 64                           	PUSH	100
   189 00000176 6A 16                           	PUSH	22
   190 00000178 6A 56                           	PUSH	86
   191 0000017A 6A 06                           	PUSH	6
   192 0000017C 53                              	PUSH	EBX
   193 0000017D FF 75 08                        	PUSH	DWORD [8+EBP]
   194 00000180 E8 [00000000]                   	CALL	_boxfill8
   195 00000185 6A 24                           	PUSH	36
   196 00000187 6A 72                           	PUSH	114
   197 00000189 6A 16                           	PUSH	22
   198 0000018B 6A 64                           	PUSH	100
   199 0000018D 6A 09                           	PUSH	9
   200 0000018F 53                              	PUSH	EBX
   201 00000190 FF 75 08                        	PUSH	DWORD [8+EBP]
   202 00000193 E8 [00000000]                   	CALL	_boxfill8
   203 00000198 83 C4 38                        	ADD	ESP,56
   204 0000019B 6A 24                           	PUSH	36
   205 0000019D 68 00000080                     	PUSH	128
   206 000001A2 6A 16                           	PUSH	22
   207 000001A4 6A 72                           	PUSH	114
   208 000001A6 6A 0A                           	PUSH	10
   209 000001A8 53                              	PUSH	EBX
   210 000001A9 FF 75 08                        	PUSH	DWORD [8+EBP]
   211 000001AC E8 [00000000]                   	CALL	_boxfill8
   212 000001B1 6A 24                           	PUSH	36
   213 000001B3 68 0000008E                     	PUSH	142
   214 000001B8 6A 16                           	PUSH	22
   215 000001BA 68 00000080                     	PUSH	128
   216 000001BF 6A 0B                           	PUSH	11
   217 000001C1 53                              	PUSH	EBX
   218 000001C2 FF 75 08                        	PUSH	DWORD [8+EBP]
   219 000001C5 E8 [00000000]                   	CALL	_boxfill8
   220 000001CA 83 C4 38                        	ADD	ESP,56
   221 000001CD 6A 24                           	PUSH	36
   222 000001CF 68 0000009C                     	PUSH	156
   223 000001D4 6A 16                           	PUSH	22
   224 000001D6 68 0000008E                     	PUSH	142
   225 000001DB 6A 0C                           	PUSH	12
   226 000001DD 53                              	PUSH	EBX
   227 000001DE FF 75 08                        	PUSH	DWORD [8+EBP]
   228 000001E1 E8 [00000000]                   	CALL	_boxfill8
   229 000001E6 6A 32                           	PUSH	50
   230 000001E8 6A 10                           	PUSH	16
   231 000001EA 6A 24                           	PUSH	36
   232 000001EC 6A 02                           	PUSH	2
   233 000001EE 6A 0E                           	PUSH	14
   234 000001F0 53                              	PUSH	EBX
   235 000001F1 FF 75 08                        	PUSH	DWORD [8+EBP]
   236 000001F4 E8 [00000000]                   	CALL	_boxfill8
   237 000001F9 83 C4 38                        	ADD	ESP,56
   238 000001FC 6A 32                           	PUSH	50
   239 000001FE 6A 1E                           	PUSH	30
   240 00000200 6A 24                           	PUSH	36
   241 00000202 6A 10                           	PUSH	16
   242 00000204 6A 11                           	PUSH	17
   243 00000206 53                              	PUSH	EBX
   244 00000207 FF 75 08                        	PUSH	DWORD [8+EBP]
   245 0000020A E8 [00000000]                   	CALL	_boxfill8
   246 0000020F 6A 32                           	PUSH	50
   247 00000211 6A 2C                           	PUSH	44
   248 00000213 6A 24                           	PUSH	36
   249 00000215 6A 1E                           	PUSH	30
   250 00000217 6A 12                           	PUSH	18
   251 00000219 53                              	PUSH	EBX
   252 0000021A FF 75 08                        	PUSH	DWORD [8+EBP]
   253 0000021D E8 [00000000]                   	CALL	_boxfill8
   254 00000222 83 C4 38                        	ADD	ESP,56
   255 00000225 6A 32                           	PUSH	50
   256 00000227 6A 3A                           	PUSH	58
   257 00000229 6A 24                           	PUSH	36
   258 0000022B 6A 2C                           	PUSH	44
   259 0000022D 6A 13                           	PUSH	19
   260 0000022F 53                              	PUSH	EBX
   261 00000230 FF 75 08                        	PUSH	DWORD [8+EBP]
   262 00000233 E8 [00000000]                   	CALL	_boxfill8
   263 00000238 6A 32                           	PUSH	50
   264 0000023A 6A 48                           	PUSH	72
   265 0000023C 6A 24                           	PUSH	36
   266 0000023E 6A 3A                           	PUSH	58
   267 00000240 6A 14                           	PUSH	20
   268 00000242 53                              	PUSH	EBX
   269 00000243 FF 75 08                        	PUSH	DWORD [8+EBP]
   270 00000246 E8 [00000000]                   	CALL	_boxfill8
   271 0000024B 83 C4 38                        	ADD	ESP,56
   272 0000024E 6A 32                           	PUSH	50
   273 00000250 6A 56                           	PUSH	86
   274 00000252 6A 24                           	PUSH	36
   275 00000254 6A 48                           	PUSH	72
   276 00000256 6A 15                           	PUSH	21
   277 00000258 53                              	PUSH	EBX
   278 00000259 FF 75 08                        	PUSH	DWORD [8+EBP]
   279 0000025C E8 [00000000]                   	CALL	_boxfill8
   280 00000261 6A 32                           	PUSH	50
   281 00000263 6A 64                           	PUSH	100
   282 00000265 6A 24                           	PUSH	36
   283 00000267 6A 56                           	PUSH	86
   284 00000269 6A 16                           	PUSH	22
   285 0000026B 53                              	PUSH	EBX
   286 0000026C FF 75 08                        	PUSH	DWORD [8+EBP]
   287 0000026F E8 [00000000]                   	CALL	_boxfill8
   288 00000274 83 C4 38                        	ADD	ESP,56
   289 00000277 6A 32                           	PUSH	50
   290 00000279 6A 72                           	PUSH	114
   291 0000027B 6A 24                           	PUSH	36
   292 0000027D 6A 64                           	PUSH	100
   293 0000027F 6A 17                           	PUSH	23
   294 00000281 53                              	PUSH	EBX
   295 00000282 FF 75 08                        	PUSH	DWORD [8+EBP]
   296 00000285 E8 [00000000]                   	CALL	_boxfill8
   297 0000028A 6A 32                           	PUSH	50
   298 0000028C 68 00000080                     	PUSH	128
   299 00000291 6A 24                           	PUSH	36
   300 00000293 6A 72                           	PUSH	114
   301 00000295 6A 18                           	PUSH	24
   302 00000297 53                              	PUSH	EBX
   303 00000298 FF 75 08                        	PUSH	DWORD [8+EBP]
   304 0000029B E8 [00000000]                   	CALL	_boxfill8
   305 000002A0 83 C4 38                        	ADD	ESP,56
   306 000002A3 6A 32                           	PUSH	50
   307 000002A5 68 0000008E                     	PUSH	142
   308 000002AA 6A 24                           	PUSH	36
   309 000002AC 68 00000080                     	PUSH	128
   310 000002B1 6A 19                           	PUSH	25
   311 000002B3 53                              	PUSH	EBX
   312 000002B4 FF 75 08                        	PUSH	DWORD [8+EBP]
   313 000002B7 E8 [00000000]                   	CALL	_boxfill8
   314 000002BC 6A 32                           	PUSH	50
   315 000002BE 68 0000009C                     	PUSH	156
   316 000002C3 6A 24                           	PUSH	36
   317 000002C5 68 0000008E                     	PUSH	142
   318 000002CA 6A 07                           	PUSH	7
   319 000002CC 53                              	PUSH	EBX
   320 000002CD FF 75 08                        	PUSH	DWORD [8+EBP]
   321 000002D0 E8 [00000000]                   	CALL	_boxfill8
   322 000002D5 83 C4 38                        	ADD	ESP,56
   323 000002D8 FF 75 14                        	PUSH	DWORD [20+EBP]
   324 000002DB 6A 07                           	PUSH	7
   325 000002DD 6A 04                           	PUSH	4
   326 000002DF 6A 18                           	PUSH	24
   327 000002E1 53                              	PUSH	EBX
   328 000002E2 FF 75 08                        	PUSH	DWORD [8+EBP]
   329 000002E5 E8 [00000000]                   	CALL	_putfonts8_asc
   330 000002EA 83 C4 18                        	ADD	ESP,24
   331 000002ED C7 45 F0 00000000               	MOV	DWORD [-16+EBP],0
   332 000002F4 C7 45 E0 00000000               	MOV	DWORD [-32+EBP],0
   333 000002FB                                 L17:
   334 000002FB 8D 04 1E                        	LEA	EAX,DWORD [ESI+EBX*1]
   335 000002FE 8B 55 08                        	MOV	EDX,DWORD [8+EBP]
   336 00000301 31 FF                           	XOR	EDI,EDI
   337 00000303 8D 4C 02 EB                     	LEA	ECX,DWORD [-21+EDX+EAX*1]
   338 00000307                                 L16:
   339 00000307 8B 45 E0                        	MOV	EAX,DWORD [-32+EBP]
   340 0000030A 8A 94 07 [00000000]             	MOV	DL,BYTE [_closebtn.0+EDI+EAX*1]
   341 00000311 80 FA 40                        	CMP	DL,64
   342 00000314 74 33                           	JE	L22
   343 00000316 80 FA 24                        	CMP	DL,36
   344 00000319 74 2A                           	JE	L23
   345 0000031B 80 FA 51                        	CMP	DL,81
   346 0000031E B2 08                           	MOV	DL,8
   347 00000320 0F 95 C0                        	SETNE	AL
   348 00000323 28 C2                           	SUB	DL,AL
   349 00000325                                 L11:
   350 00000325 47                              	INC	EDI
   351 00000326 88 11                           	MOV	BYTE [ECX],DL
   352 00000328 41                              	INC	ECX
   353 00000329 83 FF 0F                        	CMP	EDI,15
   354 0000032C 7E D9                           	JLE	L16
   355 0000032E FF 45 F0                        	INC	DWORD [-16+EBP]
   356 00000331 01 DE                           	ADD	ESI,EBX
   357 00000333 83 45 E0 10                     	ADD	DWORD [-32+EBP],16
   358 00000337 83 7D F0 0D                     	CMP	DWORD [-16+EBP],13
   359 0000033B 7E BE                           	JLE	L17
   360 0000033D 8D 65 F4                        	LEA	ESP,DWORD [-12+EBP]
   361 00000340 5B                              	POP	EBX
   362 00000341 5E                              	POP	ESI
   363 00000342 5F                              	POP	EDI
   364 00000343 5D                              	POP	EBP
   365 00000344 C3                              	RET
   366 00000345                                 L23:
   367 00000345 B2 0F                           	MOV	DL,15
   368 00000347 EB DC                           	JMP	L11
   369 00000349                                 L22:
   370 00000349 31 D2                           	XOR	EDX,EDX
   371 0000034B EB D8                           	JMP	L11
   372                                          [SECTION .data]
   373 000000E0                                 _closebtn.1:
   374 000000E0 4F 4F 4F 4F 4F 4F 4F 4F 4F 4F   	DB	"OOOOOOOOOOOOOOO@"
       000000EA 4F 4F 4F 4F 4F 40 
   375 000000F0 4F 51 51 51 51 51 51 51 51 51   	DB	"OQQQQQQQQQQQQQ$@"
       000000FA 51 51 51 51 24 40 
   376 00000100 4F 51 51 51 51 51 51 51 51 51   	DB	"OQQQQQQQQQQQQQ$@"
       0000010A 51 51 51 51 24 40 
   377 00000110 4F 51 51 51 40 40 51 51 51 51   	DB	"OQQQ@@QQQQ@@QQ$@"
       0000011A 40 40 51 51 24 40 
   378 00000120 4F 51 51 51 51 40 40 51 51 40   	DB	"OQQQQ@@QQ@@QQQ$@"
       0000012A 40 51 51 51 24 40 
   379 00000130 4F 51 51 51 51 51 40 40 40 40   	DB	"OQQQQQ@@@@QQQQ$@"
       0000013A 51 51 51 51 24 40 
   380 00000140 4F 51 51 51 51 51 51 40 40 51   	DB	"OQQQQQQ@@QQQQQ$@"
       0000014A 51 51 51 51 24 40 
   381 00000150 4F 51 51 51 51 51 40 40 40 40   	DB	"OQQQQQ@@@@QQQQ$@"
       0000015A 51 51 51 51 24 40 
   382 00000160 4F 51 51 51 51 40 40 51 51 40   	DB	"OQQQQ@@QQ@@QQQ$@"
       0000016A 40 51 51 51 24 40 
   383 00000170 4F 51 51 51 40 40 51 51 51 51   	DB	"OQQQ@@QQQQ@@QQ$@"
       0000017A 40 40 51 51 24 40 
   384 00000180 4F 51 51 51 51 51 51 51 51 51   	DB	"OQQQQQQQQQQQQQ$@"
       0000018A 51 51 51 51 24 40 
   385 00000190 4F 51 51 51 51 51 51 51 51 51   	DB	"OQQQQQQQQQQQQQ$@"
       0000019A 51 51 51 51 24 40 
   386 000001A0 4F 24 24 24 24 24 24 24 24 24   	DB	"O$$$$$$$$$$$$$$@"
       000001AA 24 24 24 24 24 40 
   387 000001B0 40 40 40 40 40 40 40 40 40 40   	DB	"@@@@@@@@@@@@@@@@"
       000001BA 40 40 40 40 40 40 
   388                                          [SECTION .text]
   389 0000034D                                 	GLOBAL	_make_window7
   390 0000034D                                 _make_window7:
   391 0000034D 55                              	PUSH	EBP
   392 0000034E 89 E5                           	MOV	EBP,ESP
   393 00000350 57                              	PUSH	EDI
   394 00000351 56                              	PUSH	ESI
   395 00000352 53                              	PUSH	EBX
   396 00000353 83 EC 14                        	SUB	ESP,20
   397 00000356 8B 5D 0C                        	MOV	EBX,DWORD [12+EBP]
   398 00000359 6A 00                           	PUSH	0
   399 0000035B 8D 43 FF                        	LEA	EAX,DWORD [-1+EBX]
   400 0000035E 8D 7B FE                        	LEA	EDI,DWORD [-2+EBX]
   401 00000361 50                              	PUSH	EAX
   402 00000362 89 45 EC                        	MOV	DWORD [-20+EBP],EAX
   403 00000365 6A 00                           	PUSH	0
   404 00000367 6A 00                           	PUSH	0
   405 00000369 6A 08                           	PUSH	8
   406 0000036B 53                              	PUSH	EBX
   407 0000036C FF 75 08                        	PUSH	DWORD [8+EBP]
   408 0000036F E8 [00000000]                   	CALL	_boxfill8
   409 00000374 6A 01                           	PUSH	1
   410 00000376 57                              	PUSH	EDI
   411 00000377 6A 01                           	PUSH	1
   412 00000379 6A 01                           	PUSH	1
   413 0000037B 6A 07                           	PUSH	7
   414 0000037D 53                              	PUSH	EBX
   415 0000037E FF 75 08                        	PUSH	DWORD [8+EBP]
   416 00000381 E8 [00000000]                   	CALL	_boxfill8
   417 00000386 8B 55 10                        	MOV	EDX,DWORD [16+EBP]
   418 00000389 83 C4 38                        	ADD	ESP,56
   419 0000038C 4A                              	DEC	EDX
   420 0000038D 89 55 E8                        	MOV	DWORD [-24+EBP],EDX
   421 00000390 52                              	PUSH	EDX
   422 00000391 6A 00                           	PUSH	0
   423 00000393 6A 00                           	PUSH	0
   424 00000395 6A 00                           	PUSH	0
   425 00000397 6A 08                           	PUSH	8
   426 00000399 53                              	PUSH	EBX
   427 0000039A FF 75 08                        	PUSH	DWORD [8+EBP]
   428 0000039D E8 [00000000]                   	CALL	_boxfill8
   429 000003A2 8B 75 10                        	MOV	ESI,DWORD [16+EBP]
   430 000003A5 83 EE 02                        	SUB	ESI,2
   431 000003A8 56                              	PUSH	ESI
   432 000003A9 6A 01                           	PUSH	1
   433 000003AB 6A 01                           	PUSH	1
   434 000003AD 6A 01                           	PUSH	1
   435 000003AF 6A 07                           	PUSH	7
   436 000003B1 53                              	PUSH	EBX
   437 000003B2 FF 75 08                        	PUSH	DWORD [8+EBP]
   438 000003B5 E8 [00000000]                   	CALL	_boxfill8
   439 000003BA 83 C4 38                        	ADD	ESP,56
   440 000003BD 56                              	PUSH	ESI
   441 000003BE 57                              	PUSH	EDI
   442 000003BF 6A 01                           	PUSH	1
   443 000003C1 57                              	PUSH	EDI
   444 000003C2 6A 0F                           	PUSH	15
   445 000003C4 53                              	PUSH	EBX
   446 000003C5 FF 75 08                        	PUSH	DWORD [8+EBP]
   447 000003C8 E8 [00000000]                   	CALL	_boxfill8
   448 000003CD FF 75 E8                        	PUSH	DWORD [-24+EBP]
   449 000003D0 FF 75 EC                        	PUSH	DWORD [-20+EBP]
   450 000003D3 6A 00                           	PUSH	0
   451 000003D5 FF 75 EC                        	PUSH	DWORD [-20+EBP]
   452 000003D8 6A 00                           	PUSH	0
   453 000003DA 53                              	PUSH	EBX
   454 000003DB FF 75 08                        	PUSH	DWORD [8+EBP]
   455 000003DE E8 [00000000]                   	CALL	_boxfill8
   456 000003E3 8B 45 10                        	MOV	EAX,DWORD [16+EBP]
   457 000003E6 83 C4 38                        	ADD	ESP,56
   458 000003E9 83 E8 03                        	SUB	EAX,3
   459 000003EC 50                              	PUSH	EAX
   460 000003ED 8D 43 FD                        	LEA	EAX,DWORD [-3+EBX]
   461 000003F0 50                              	PUSH	EAX
   462 000003F1 6A 02                           	PUSH	2
   463 000003F3 6A 02                           	PUSH	2
   464 000003F5 6A 08                           	PUSH	8
   465 000003F7 53                              	PUSH	EBX
   466 000003F8 FF 75 08                        	PUSH	DWORD [8+EBP]
   467 000003FB E8 [00000000]                   	CALL	_boxfill8
   468 00000400 8D 43 FC                        	LEA	EAX,DWORD [-4+EBX]
   469 00000403 6A 14                           	PUSH	20
   470 00000405 50                              	PUSH	EAX
   471 00000406 6A 03                           	PUSH	3
   472 00000408 6A 03                           	PUSH	3
   473 0000040A 6A 0C                           	PUSH	12
   474 0000040C 53                              	PUSH	EBX
   475 0000040D FF 75 08                        	PUSH	DWORD [8+EBP]
   476 00000410 E8 [00000000]                   	CALL	_boxfill8
   477 00000415 83 C4 38                        	ADD	ESP,56
   478 00000418 56                              	PUSH	ESI
   479 00000419 57                              	PUSH	EDI
   480 0000041A 56                              	PUSH	ESI
   481 0000041B 6A 01                           	PUSH	1
   482 0000041D 6A 0F                           	PUSH	15
   483 0000041F 53                              	PUSH	EBX
   484 00000420 FF 75 08                        	PUSH	DWORD [8+EBP]
   485 00000423 E8 [00000000]                   	CALL	_boxfill8
   486 00000428 FF 75 E8                        	PUSH	DWORD [-24+EBP]
   487 0000042B FF 75 EC                        	PUSH	DWORD [-20+EBP]
   488 0000042E FF 75 E8                        	PUSH	DWORD [-24+EBP]
   489 00000431 6A 00                           	PUSH	0
   490 00000433 6A 00                           	PUSH	0
   491 00000435 6B F3 05                        	IMUL	ESI,EBX,5
   492 00000438 53                              	PUSH	EBX
   493 00000439 FF 75 08                        	PUSH	DWORD [8+EBP]
   494 0000043C E8 [00000000]                   	CALL	_boxfill8
   495 00000441 83 C4 38                        	ADD	ESP,56
   496 00000444 FF 75 14                        	PUSH	DWORD [20+EBP]
   497 00000447 6A 07                           	PUSH	7
   498 00000449 6A 04                           	PUSH	4
   499 0000044B 6A 18                           	PUSH	24
   500 0000044D 53                              	PUSH	EBX
   501 0000044E FF 75 08                        	PUSH	DWORD [8+EBP]
   502 00000451 E8 [00000000]                   	CALL	_putfonts8_asc
   503 00000456 83 C4 18                        	ADD	ESP,24
   504 00000459 C7 45 F0 00000000               	MOV	DWORD [-16+EBP],0
   505 00000460 C7 45 E0 00000000               	MOV	DWORD [-32+EBP],0
   506 00000467                                 L40:
   507 00000467 8D 04 1E                        	LEA	EAX,DWORD [ESI+EBX*1]
   508 0000046A 8B 55 08                        	MOV	EDX,DWORD [8+EBP]
   509 0000046D 31 FF                           	XOR	EDI,EDI
   510 0000046F 8D 4C 02 EB                     	LEA	ECX,DWORD [-21+EDX+EAX*1]
   511 00000473                                 L39:
   512 00000473 8B 45 E0                        	MOV	EAX,DWORD [-32+EBP]
   513 00000476 8A 94 07 [000000E0]             	MOV	DL,BYTE [_closebtn.1+EDI+EAX*1]
   514 0000047D 80 FA 40                        	CMP	DL,64
   515 00000480 74 33                           	JE	L45
   516 00000482 80 FA 24                        	CMP	DL,36
   517 00000485 74 2A                           	JE	L46
   518 00000487 80 FA 51                        	CMP	DL,81
   519 0000048A B2 08                           	MOV	DL,8
   520 0000048C 0F 95 C0                        	SETNE	AL
   521 0000048F 28 C2                           	SUB	DL,AL
   522 00000491                                 L34:
   523 00000491 47                              	INC	EDI
   524 00000492 88 11                           	MOV	BYTE [ECX],DL
   525 00000494 41                              	INC	ECX
   526 00000495 83 FF 0F                        	CMP	EDI,15
   527 00000498 7E D9                           	JLE	L39
   528 0000049A FF 45 F0                        	INC	DWORD [-16+EBP]
   529 0000049D 01 DE                           	ADD	ESI,EBX
   530 0000049F 83 45 E0 10                     	ADD	DWORD [-32+EBP],16
   531 000004A3 83 7D F0 0D                     	CMP	DWORD [-16+EBP],13
   532 000004A7 7E BE                           	JLE	L40
   533 000004A9 8D 65 F4                        	LEA	ESP,DWORD [-12+EBP]
   534 000004AC 5B                              	POP	EBX
   535 000004AD 5E                              	POP	ESI
   536 000004AE 5F                              	POP	EDI
   537 000004AF 5D                              	POP	EBP
   538 000004B0 C3                              	RET
   539 000004B1                                 L46:
   540 000004B1 B2 0F                           	MOV	DL,15
   541 000004B3 EB DC                           	JMP	L34
   542 000004B5                                 L45:
   543 000004B5 31 D2                           	XOR	EDX,EDX
   544 000004B7 EB D8                           	JMP	L34
   545 000004B9                                 	GLOBAL	_make_window8
   546 000004B9                                 _make_window8:
   547 000004B9 55                              	PUSH	EBP
   548 000004BA 89 E5                           	MOV	EBP,ESP
   549 000004BC 57                              	PUSH	EDI
   550 000004BD 56                              	PUSH	ESI
   551 000004BE 53                              	PUSH	EBX
   552 000004BF 83 EC 18                        	SUB	ESP,24
   553 000004C2 8B 45 10                        	MOV	EAX,DWORD [16+EBP]
   554 000004C5 8B 5D 0C                        	MOV	EBX,DWORD [12+EBP]
   555 000004C8 89 45 F0                        	MOV	DWORD [-16+EBP],EAX
   556 000004CB 8B 75 08                        	MOV	ESI,DWORD [8+EBP]
   557 000004CE 8B 45 14                        	MOV	EAX,DWORD [20+EBP]
   558 000004D1 89 45 EC                        	MOV	DWORD [-20+EBP],EAX
   559 000004D4 0F BE 45 18                     	MOVSX	EAX,BYTE [24+EBP]
   560 000004D8 89 45 E8                        	MOV	DWORD [-24+EBP],EAX
   561 000004DB 8D 43 FF                        	LEA	EAX,DWORD [-1+EBX]
   562 000004DE 6A 00                           	PUSH	0
   563 000004E0 89 45 E4                        	MOV	DWORD [-28+EBP],EAX
   564 000004E3 50                              	PUSH	EAX
   565 000004E4 6A 00                           	PUSH	0
   566 000004E6 6A 00                           	PUSH	0
   567 000004E8 6A 08                           	PUSH	8
   568 000004EA 53                              	PUSH	EBX
   569 000004EB 56                              	PUSH	ESI
   570 000004EC E8 [00000000]                   	CALL	_boxfill8
   571 000004F1 8D 43 FE                        	LEA	EAX,DWORD [-2+EBX]
   572 000004F4 6A 01                           	PUSH	1
   573 000004F6 89 45 E0                        	MOV	DWORD [-32+EBP],EAX
   574 000004F9 50                              	PUSH	EAX
   575 000004FA 6A 01                           	PUSH	1
   576 000004FC 6A 01                           	PUSH	1
   577 000004FE 6A 07                           	PUSH	7
   578 00000500 53                              	PUSH	EBX
   579 00000501 56                              	PUSH	ESI
   580 00000502 E8 [00000000]                   	CALL	_boxfill8
   581 00000507 8B 45 F0                        	MOV	EAX,DWORD [-16+EBP]
   582 0000050A 83 C4 38                        	ADD	ESP,56
   583 0000050D 48                              	DEC	EAX
   584 0000050E 89 45 DC                        	MOV	DWORD [-36+EBP],EAX
   585 00000511 50                              	PUSH	EAX
   586 00000512 6A 00                           	PUSH	0
   587 00000514 6A 00                           	PUSH	0
   588 00000516 6A 00                           	PUSH	0
   589 00000518 6A 08                           	PUSH	8
   590 0000051A 53                              	PUSH	EBX
   591 0000051B 56                              	PUSH	ESI
   592 0000051C E8 [00000000]                   	CALL	_boxfill8
   593 00000521 8B 7D F0                        	MOV	EDI,DWORD [-16+EBP]
   594 00000524 83 EF 02                        	SUB	EDI,2
   595 00000527 57                              	PUSH	EDI
   596 00000528 6A 01                           	PUSH	1
   597 0000052A 6A 01                           	PUSH	1
   598 0000052C 6A 01                           	PUSH	1
   599 0000052E 6A 07                           	PUSH	7
   600 00000530 53                              	PUSH	EBX
   601 00000531 56                              	PUSH	ESI
   602 00000532 E8 [00000000]                   	CALL	_boxfill8
   603 00000537 83 C4 38                        	ADD	ESP,56
   604 0000053A 57                              	PUSH	EDI
   605 0000053B FF 75 E0                        	PUSH	DWORD [-32+EBP]
   606 0000053E 6A 01                           	PUSH	1
   607 00000540 FF 75 E0                        	PUSH	DWORD [-32+EBP]
   608 00000543 6A 0F                           	PUSH	15
   609 00000545 53                              	PUSH	EBX
   610 00000546 56                              	PUSH	ESI
   611 00000547 E8 [00000000]                   	CALL	_boxfill8
   612 0000054C FF 75 DC                        	PUSH	DWORD [-36+EBP]
   613 0000054F FF 75 E4                        	PUSH	DWORD [-28+EBP]
   614 00000552 6A 00                           	PUSH	0
   615 00000554 FF 75 E4                        	PUSH	DWORD [-28+EBP]
   616 00000557 6A 00                           	PUSH	0
   617 00000559 53                              	PUSH	EBX
   618 0000055A 56                              	PUSH	ESI
   619 0000055B E8 [00000000]                   	CALL	_boxfill8
   620 00000560 8B 45 F0                        	MOV	EAX,DWORD [-16+EBP]
   621 00000563 83 C4 38                        	ADD	ESP,56
   622 00000566 83 E8 03                        	SUB	EAX,3
   623 00000569 50                              	PUSH	EAX
   624 0000056A 8D 43 FD                        	LEA	EAX,DWORD [-3+EBX]
   625 0000056D 50                              	PUSH	EAX
   626 0000056E 6A 02                           	PUSH	2
   627 00000570 6A 02                           	PUSH	2
   628 00000572 6A 08                           	PUSH	8
   629 00000574 53                              	PUSH	EBX
   630 00000575 56                              	PUSH	ESI
   631 00000576 E8 [00000000]                   	CALL	_boxfill8
   632 0000057B 57                              	PUSH	EDI
   633 0000057C FF 75 E0                        	PUSH	DWORD [-32+EBP]
   634 0000057F 57                              	PUSH	EDI
   635 00000580 6A 01                           	PUSH	1
   636 00000582 6A 0F                           	PUSH	15
   637 00000584 53                              	PUSH	EBX
   638 00000585 56                              	PUSH	ESI
   639 00000586 E8 [00000000]                   	CALL	_boxfill8
   640 0000058B 83 C4 38                        	ADD	ESP,56
   641 0000058E FF 75 DC                        	PUSH	DWORD [-36+EBP]
   642 00000591 FF 75 E4                        	PUSH	DWORD [-28+EBP]
   643 00000594 FF 75 DC                        	PUSH	DWORD [-36+EBP]
   644 00000597 6A 00                           	PUSH	0
   645 00000599 6A 00                           	PUSH	0
   646 0000059B 53                              	PUSH	EBX
   647 0000059C 56                              	PUSH	ESI
   648 0000059D E8 [00000000]                   	CALL	_boxfill8
   649 000005A2 89 75 08                        	MOV	DWORD [8+EBP],ESI
   650 000005A5 8B 45 E8                        	MOV	EAX,DWORD [-24+EBP]
   651 000005A8 89 5D 0C                        	MOV	DWORD [12+EBP],EBX
   652 000005AB 89 45 14                        	MOV	DWORD [20+EBP],EAX
   653 000005AE 83 C4 1C                        	ADD	ESP,28
   654 000005B1 8B 45 EC                        	MOV	EAX,DWORD [-20+EBP]
   655 000005B4 89 45 10                        	MOV	DWORD [16+EBP],EAX
   656 000005B7 8D 65 F4                        	LEA	ESP,DWORD [-12+EBP]
   657 000005BA 5B                              	POP	EBX
   658 000005BB 5E                              	POP	ESI
   659 000005BC 5F                              	POP	EDI
   660 000005BD 5D                              	POP	EBP
   661 000005BE EB 00                           	JMP	_make_wtitle8
   662                                          [SECTION .data]
   663 000001C0                                 _closebtn.2:
   664 000001C0 4F 4F 4F 4F 4F 4F 4F 4F 4F 4F   	DB	"OOOOOOOOOOOOOOO@"
       000001CA 4F 4F 4F 4F 4F 40 
   665 000001D0 4F 51 51 51 51 51 51 51 51 51   	DB	"OQQQQQQQQQQQQQ$@"
       000001DA 51 51 51 51 24 40 
   666 000001E0 4F 51 51 51 51 51 51 51 51 51   	DB	"OQQQQQQQQQQQQQ$@"
       000001EA 51 51 51 51 24 40 
   667 000001F0 4F 51 51 51 40 40 51 51 51 51   	DB	"OQQQ@@QQQQ@@QQ$@"
       000001FA 40 40 51 51 24 40 
   668 00000200 4F 51 51 51 51 40 40 51 51 40   	DB	"OQQQQ@@QQ@@QQQ$@"
       0000020A 40 51 51 51 24 40 
   669 00000210 4F 51 51 51 51 51 40 40 40 40   	DB	"OQQQQQ@@@@QQQQ$@"
       0000021A 51 51 51 51 24 40 
   670 00000220 4F 51 51 51 51 51 51 40 40 51   	DB	"OQQQQQQ@@QQQQQ$@"
       0000022A 51 51 51 51 24 40 
   671 00000230 4F 51 51 51 51 51 40 40 40 40   	DB	"OQQQQQ@@@@QQQQ$@"
       0000023A 51 51 51 51 24 40 
   672 00000240 4F 51 51 51 51 40 40 51 51 40   	DB	"OQQQQ@@QQ@@QQQ$@"
       0000024A 40 51 51 51 24 40 
   673 00000250 4F 51 51 51 40 40 51 51 51 51   	DB	"OQQQ@@QQQQ@@QQ$@"
       0000025A 40 40 51 51 24 40 
   674 00000260 4F 51 51 51 51 51 51 51 51 51   	DB	"OQQQQQQQQQQQQQ$@"
       0000026A 51 51 51 51 24 40 
   675 00000270 4F 51 51 51 51 51 51 51 51 51   	DB	"OQQQQQQQQQQQQQ$@"
       0000027A 51 51 51 51 24 40 
   676 00000280 4F 24 24 24 24 24 24 24 24 24   	DB	"O$$$$$$$$$$$$$$@"
       0000028A 24 24 24 24 24 40 
   677 00000290 40 40 40 40 40 40 40 40 40 40   	DB	"@@@@@@@@@@@@@@@@"
       0000029A 40 40 40 40 40 40 
   678                                          [SECTION .text]
   679 000005C0                                 	GLOBAL	_make_wtitle8
   680 000005C0                                 _make_wtitle8:
   681 000005C0 55                              	PUSH	EBP
   682 000005C1 89 E5                           	MOV	EBP,ESP
   683 000005C3 57                              	PUSH	EDI
   684 000005C4 56                              	PUSH	ESI
   685 000005C5 53                              	PUSH	EBX
   686 000005C6 50                              	PUSH	EAX
   687 000005C7 80 7D 14 00                     	CMP	BYTE [20+EBP],0
   688 000005CB 0F 84 00000097                  	JE	L49
   689 000005D1 B3 07                           	MOV	BL,7
   690 000005D3 B2 0C                           	MOV	DL,12
   691 000005D5                                 L50:
   692 000005D5 8B 45 0C                        	MOV	EAX,DWORD [12+EBP]
   693 000005D8 6A 14                           	PUSH	20
   694 000005DA 83 E8 04                        	SUB	EAX,4
   695 000005DD 31 FF                           	XOR	EDI,EDI
   696 000005DF 50                              	PUSH	EAX
   697 000005E0 6A 03                           	PUSH	3
   698 000005E2 6A 03                           	PUSH	3
   699 000005E4 0F B6 C2                        	MOVZX	EAX,DL
   700 000005E7 50                              	PUSH	EAX
   701 000005E8 FF 75 0C                        	PUSH	DWORD [12+EBP]
   702 000005EB FF 75 08                        	PUSH	DWORD [8+EBP]
   703 000005EE E8 [00000000]                   	CALL	_boxfill8
   704 000005F3 FF 75 10                        	PUSH	DWORD [16+EBP]
   705 000005F6 0F BE C3                        	MOVSX	EAX,BL
   706 000005F9 50                              	PUSH	EAX
   707 000005FA 6A 04                           	PUSH	4
   708 000005FC 6A 18                           	PUSH	24
   709 000005FE FF 75 0C                        	PUSH	DWORD [12+EBP]
   710 00000601 FF 75 08                        	PUSH	DWORD [8+EBP]
   711 00000604 E8 [00000000]                   	CALL	_putfonts8_asc
   712 00000609 83 C4 34                        	ADD	ESP,52
   713 0000060C 6B 5D 0C 05                     	IMUL	EBX,DWORD [12+EBP],5
   714 00000610 C7 45 F0 00000000               	MOV	DWORD [-16+EBP],0
   715 00000617                                 L66:
   716 00000617 8B 45 0C                        	MOV	EAX,DWORD [12+EBP]
   717 0000061A 8B 55 08                        	MOV	EDX,DWORD [8+EBP]
   718 0000061D 01 D8                           	ADD	EAX,EBX
   719 0000061F 31 F6                           	XOR	ESI,ESI
   720 00000621 8D 4C 02 EB                     	LEA	ECX,DWORD [-21+EDX+EAX*1]
   721 00000625                                 L65:
   722 00000625 8A 94 3E [000001C0]             	MOV	DL,BYTE [_closebtn.2+ESI+EDI*1]
   723 0000062C 80 FA 40                        	CMP	DL,64
   724 0000062F 74 33                           	JE	L71
   725 00000631 80 FA 24                        	CMP	DL,36
   726 00000634 74 2A                           	JE	L72
   727 00000636 80 FA 51                        	CMP	DL,81
   728 00000639 B2 08                           	MOV	DL,8
   729 0000063B 0F 95 C0                        	SETNE	AL
   730 0000063E 28 C2                           	SUB	DL,AL
   731 00000640                                 L60:
   732 00000640 46                              	INC	ESI
   733 00000641 88 11                           	MOV	BYTE [ECX],DL
   734 00000643 41                              	INC	ECX
   735 00000644 83 FE 0F                        	CMP	ESI,15
   736 00000647 7E DC                           	JLE	L65
   737 00000649 FF 45 F0                        	INC	DWORD [-16+EBP]
   738 0000064C 83 C7 10                        	ADD	EDI,16
   739 0000064F 03 5D 0C                        	ADD	EBX,DWORD [12+EBP]
   740 00000652 83 7D F0 0D                     	CMP	DWORD [-16+EBP],13
   741 00000656 7E BF                           	JLE	L66
   742 00000658 8D 65 F4                        	LEA	ESP,DWORD [-12+EBP]
   743 0000065B 5B                              	POP	EBX
   744 0000065C 5E                              	POP	ESI
   745 0000065D 5F                              	POP	EDI
   746 0000065E 5D                              	POP	EBP
   747 0000065F C3                              	RET
   748 00000660                                 L72:
   749 00000660 B2 0F                           	MOV	DL,15
   750 00000662 EB DC                           	JMP	L60
   751 00000664                                 L71:
   752 00000664 31 D2                           	XOR	EDX,EDX
   753 00000666 EB D8                           	JMP	L60
   754 00000668                                 L49:
   755 00000668 B3 08                           	MOV	BL,8
   756 0000066A B2 0F                           	MOV	DL,15
   757 0000066C E9 FFFFFF64                     	JMP	L50
   758 00000671                                 	GLOBAL	_putfonts8_asc_sht
   759 00000671                                 _putfonts8_asc_sht:
   760 00000671 55                              	PUSH	EBP
   761 00000672 89 E5                           	MOV	EBP,ESP
   762 00000674 57                              	PUSH	EDI
   763 00000675 56                              	PUSH	ESI
   764 00000676 53                              	PUSH	EBX
   765 00000677 83 EC 18                        	SUB	ESP,24
   766 0000067A 8B 45 0C                        	MOV	EAX,DWORD [12+EBP]
   767 0000067D 8B 55 14                        	MOV	EDX,DWORD [20+EBP]
   768 00000680 8B 4D 1C                        	MOV	ECX,DWORD [28+EBP]
   769 00000683 89 45 F0                        	MOV	DWORD [-16+EBP],EAX
   770 00000686 8B 45 20                        	MOV	EAX,DWORD [32+EBP]
   771 00000689 89 55 EC                        	MOV	DWORD [-20+EBP],EDX
   772 0000068C 89 4D E8                        	MOV	DWORD [-24+EBP],ECX
   773 0000068F 89 45 E4                        	MOV	DWORD [-28+EBP],EAX
   774 00000692 8B 7D 08                        	MOV	EDI,DWORD [8+EBP]
   775 00000695 8B 75 10                        	MOV	ESI,DWORD [16+EBP]
   776 00000698 8B 5D 18                        	MOV	EBX,DWORD [24+EBP]
   777 0000069B E8 [00000000]                   	CALL	_task_now
   778 000006A0 0F B6 DB                        	MOVZX	EBX,BL
   779 000006A3 89 45 E0                        	MOV	DWORD [-32+EBP],EAX
   780 000006A6 8D 46 0F                        	LEA	EAX,DWORD [15+ESI]
   781 000006A9 50                              	PUSH	EAX
   782 000006AA 8B 4D F0                        	MOV	ECX,DWORD [-16+EBP]
   783 000006AD 8B 55 E4                        	MOV	EDX,DWORD [-28+EBP]
   784 000006B0 8D 14 D1                        	LEA	EDX,DWORD [ECX+EDX*8]
   785 000006B3 89 D0                           	MOV	EAX,EDX
   786 000006B5 89 55 DC                        	MOV	DWORD [-36+EBP],EDX
   787 000006B8 48                              	DEC	EAX
   788 000006B9 50                              	PUSH	EAX
   789 000006BA 56                              	PUSH	ESI
   790 000006BB 51                              	PUSH	ECX
   791 000006BC 53                              	PUSH	EBX
   792 000006BD FF 77 04                        	PUSH	DWORD [4+EDI]
   793 000006C0 FF 37                           	PUSH	DWORD [EDI]
   794 000006C2 E8 [00000000]                   	CALL	_boxfill8
   795 000006C7 8B 4D E0                        	MOV	ECX,DWORD [-32+EBP]
   796 000006CA 83 C4 1C                        	ADD	ESP,28
   797 000006CD 80 B9 000000BC 00               	CMP	BYTE [188+ECX],0
   798 000006D4 74 09                           	JE	L74
   799 000006D6 80 B9 000000BD 00               	CMP	BYTE [189+ECX],0
   800 000006DD 75 40                           	JNE	L77
   801 000006DF                                 L74:
   802 000006DF FF 75 E8                        	PUSH	DWORD [-24+EBP]
   803 000006E2 0F BE 45 EC                     	MOVSX	EAX,BYTE [-20+EBP]
   804 000006E6 50                              	PUSH	EAX
   805 000006E7 56                              	PUSH	ESI
   806 000006E8 FF 75 F0                        	PUSH	DWORD [-16+EBP]
   807 000006EB FF 77 04                        	PUSH	DWORD [4+EDI]
   808 000006EE FF 37                           	PUSH	DWORD [EDI]
   809 000006F0 E8 [00000000]                   	CALL	_putfonts8_asc
   810 000006F5 89 75 10                        	MOV	DWORD [16+EBP],ESI
   811 000006F8 8B 4D F0                        	MOV	ECX,DWORD [-16+EBP]
   812 000006FB 8B 55 E4                        	MOV	EDX,DWORD [-28+EBP]
   813 000006FE 8D 46 10                        	LEA	EAX,DWORD [16+ESI]
   814 00000701 83 C4 18                        	ADD	ESP,24
   815 00000704 89 45 18                        	MOV	DWORD [24+EBP],EAX
   816 00000707 89 4D 0C                        	MOV	DWORD [12+EBP],ECX
   817 0000070A 8D 04 D1                        	LEA	EAX,DWORD [ECX+EDX*8]
   818 0000070D 89 45 14                        	MOV	DWORD [20+EBP],EAX
   819 00000710                                 L76:
   820 00000710 89 7D 08                        	MOV	DWORD [8+EBP],EDI
   821 00000713 8D 65 F4                        	LEA	ESP,DWORD [-12+EBP]
   822 00000716 5B                              	POP	EBX
   823 00000717 5E                              	POP	ESI
   824 00000718 5F                              	POP	EDI
   825 00000719 5D                              	POP	EBP
   826 0000071A E9 [00000000]                   	JMP	_sheet_refresh
   827 0000071F                                 L77:
   828 0000071F FF 75 E8                        	PUSH	DWORD [-24+EBP]
   829 00000722 0F BE 45 EC                     	MOVSX	EAX,BYTE [-20+EBP]
   830 00000726 50                              	PUSH	EAX
   831 00000727 56                              	PUSH	ESI
   832 00000728 FF 75 F0                        	PUSH	DWORD [-16+EBP]
   833 0000072B FF 77 04                        	PUSH	DWORD [4+EDI]
   834 0000072E FF 37                           	PUSH	DWORD [EDI]
   835 00000730 E8 [00000000]                   	CALL	_putfonts8_asc
   836 00000735 89 75 10                        	MOV	DWORD [16+EBP],ESI
   837 00000738 8D 46 10                        	LEA	EAX,DWORD [16+ESI]
   838 0000073B 83 C4 18                        	ADD	ESP,24
   839 0000073E 89 45 18                        	MOV	DWORD [24+EBP],EAX
   840 00000741 8B 45 DC                        	MOV	EAX,DWORD [-36+EBP]
   841 00000744 89 45 14                        	MOV	DWORD [20+EBP],EAX
   842 00000747 8B 45 F0                        	MOV	EAX,DWORD [-16+EBP]
   843 0000074A 83 E8 08                        	SUB	EAX,8
   844 0000074D 89 45 0C                        	MOV	DWORD [12+EBP],EAX
   845 00000750 EB BE                           	JMP	L76
   846 00000752                                 	GLOBAL	_make_textbox8
   847 00000752                                 _make_textbox8:
   848 00000752 55                              	PUSH	EBP
   849 00000753 89 E5                           	MOV	EBP,ESP
   850 00000755 57                              	PUSH	EDI
   851 00000756 56                              	PUSH	ESI
   852 00000757 53                              	PUSH	EBX
   853 00000758 83 EC 14                        	SUB	ESP,20
   854 0000075B 8B 45 0C                        	MOV	EAX,DWORD [12+EBP]
   855 0000075E 8B 75 10                        	MOV	ESI,DWORD [16+EBP]
   856 00000761 03 45 14                        	ADD	EAX,DWORD [20+EBP]
   857 00000764 83 EE 03                        	SUB	ESI,3
   858 00000767 56                              	PUSH	ESI
   859 00000768 89 45 F0                        	MOV	DWORD [-16+EBP],EAX
   860 0000076B 8B 45 10                        	MOV	EAX,DWORD [16+EBP]
   861 0000076E 03 45 18                        	ADD	EAX,DWORD [24+EBP]
   862 00000771 89 45 EC                        	MOV	DWORD [-20+EBP],EAX
   863 00000774 8B 45 F0                        	MOV	EAX,DWORD [-16+EBP]
   864 00000777 40                              	INC	EAX
   865 00000778 50                              	PUSH	EAX
   866 00000779 89 45 E8                        	MOV	DWORD [-24+EBP],EAX
   867 0000077C 8B 45 0C                        	MOV	EAX,DWORD [12+EBP]
   868 0000077F 56                              	PUSH	ESI
   869 00000780 83 E8 02                        	SUB	EAX,2
   870 00000783 50                              	PUSH	EAX
   871 00000784 89 45 E4                        	MOV	DWORD [-28+EBP],EAX
   872 00000787 8B 45 08                        	MOV	EAX,DWORD [8+EBP]
   873 0000078A 6A 0F                           	PUSH	15
   874 0000078C FF 70 04                        	PUSH	DWORD [4+EAX]
   875 0000078F FF 30                           	PUSH	DWORD [EAX]
   876 00000791 E8 [00000000]                   	CALL	_boxfill8
   877 00000796 8B 7D 0C                        	MOV	EDI,DWORD [12+EBP]
   878 00000799 8B 45 EC                        	MOV	EAX,DWORD [-20+EBP]
   879 0000079C 83 EF 03                        	SUB	EDI,3
   880 0000079F 40                              	INC	EAX
   881 000007A0 50                              	PUSH	EAX
   882 000007A1 89 45 E0                        	MOV	DWORD [-32+EBP],EAX
   883 000007A4 57                              	PUSH	EDI
   884 000007A5 8B 45 08                        	MOV	EAX,DWORD [8+EBP]
   885 000007A8 56                              	PUSH	ESI
   886 000007A9 57                              	PUSH	EDI
   887 000007AA 6A 0F                           	PUSH	15
   888 000007AC FF 70 04                        	PUSH	DWORD [4+EAX]
   889 000007AF FF 30                           	PUSH	DWORD [EAX]
   890 000007B1 E8 [00000000]                   	CALL	_boxfill8
   891 000007B6 8B 45 08                        	MOV	EAX,DWORD [8+EBP]
   892 000007B9 83 C4 38                        	ADD	ESP,56
   893 000007BC 8B 5D EC                        	MOV	EBX,DWORD [-20+EBP]
   894 000007BF 83 C3 02                        	ADD	EBX,2
   895 000007C2 53                              	PUSH	EBX
   896 000007C3 FF 75 E8                        	PUSH	DWORD [-24+EBP]
   897 000007C6 53                              	PUSH	EBX
   898 000007C7 57                              	PUSH	EDI
   899 000007C8 6A 07                           	PUSH	7
   900 000007CA FF 70 04                        	PUSH	DWORD [4+EAX]
   901 000007CD FF 30                           	PUSH	DWORD [EAX]
   902 000007CF E8 [00000000]                   	CALL	_boxfill8
   903 000007D4 8B 45 F0                        	MOV	EAX,DWORD [-16+EBP]
   904 000007D7 53                              	PUSH	EBX
   905 000007D8 83 C0 02                        	ADD	EAX,2
   906 000007DB 50                              	PUSH	EAX
   907 000007DC 56                              	PUSH	ESI
   908 000007DD 50                              	PUSH	EAX
   909 000007DE 8B 45 08                        	MOV	EAX,DWORD [8+EBP]
   910 000007E1 6A 07                           	PUSH	7
   911 000007E3 FF 70 04                        	PUSH	DWORD [4+EAX]
   912 000007E6 FF 30                           	PUSH	DWORD [EAX]
   913 000007E8 E8 [00000000]                   	CALL	_boxfill8
   914 000007ED 8B 45 08                        	MOV	EAX,DWORD [8+EBP]
   915 000007F0 83 C4 38                        	ADD	ESP,56
   916 000007F3 8B 5D 10                        	MOV	EBX,DWORD [16+EBP]
   917 000007F6 83 EB 02                        	SUB	EBX,2
   918 000007F9 8B 7D 0C                        	MOV	EDI,DWORD [12+EBP]
   919 000007FC 53                              	PUSH	EBX
   920 000007FD 4F                              	DEC	EDI
   921 000007FE FF 75 F0                        	PUSH	DWORD [-16+EBP]
   922 00000801 53                              	PUSH	EBX
   923 00000802 57                              	PUSH	EDI
   924 00000803 6A 00                           	PUSH	0
   925 00000805 FF 70 04                        	PUSH	DWORD [4+EAX]
   926 00000808 FF 30                           	PUSH	DWORD [EAX]
   927 0000080A E8 [00000000]                   	CALL	_boxfill8
   928 0000080F 8B 45 08                        	MOV	EAX,DWORD [8+EBP]
   929 00000812 FF 75 EC                        	PUSH	DWORD [-20+EBP]
   930 00000815 FF 75 E4                        	PUSH	DWORD [-28+EBP]
   931 00000818 53                              	PUSH	EBX
   932 00000819 FF 75 E4                        	PUSH	DWORD [-28+EBP]
   933 0000081C 6A 00                           	PUSH	0
   934 0000081E FF 70 04                        	PUSH	DWORD [4+EAX]
   935 00000821 FF 30                           	PUSH	DWORD [EAX]
   936 00000823 E8 [00000000]                   	CALL	_boxfill8
   937 00000828 8B 45 08                        	MOV	EAX,DWORD [8+EBP]
   938 0000082B 83 C4 38                        	ADD	ESP,56
   939 0000082E FF 75 E0                        	PUSH	DWORD [-32+EBP]
   940 00000831 FF 75 F0                        	PUSH	DWORD [-16+EBP]
   941 00000834 FF 75 E0                        	PUSH	DWORD [-32+EBP]
   942 00000837 FF 75 E4                        	PUSH	DWORD [-28+EBP]
   943 0000083A 6A 08                           	PUSH	8
   944 0000083C FF 70 04                        	PUSH	DWORD [4+EAX]
   945 0000083F FF 30                           	PUSH	DWORD [EAX]
   946 00000841 E8 [00000000]                   	CALL	_boxfill8
   947 00000846 8B 45 08                        	MOV	EAX,DWORD [8+EBP]
   948 00000849 FF 75 E0                        	PUSH	DWORD [-32+EBP]
   949 0000084C FF 75 E8                        	PUSH	DWORD [-24+EBP]
   950 0000084F 53                              	PUSH	EBX
   951 00000850 FF 75 E8                        	PUSH	DWORD [-24+EBP]
   952 00000853 6A 08                           	PUSH	8
   953 00000855 FF 70 04                        	PUSH	DWORD [4+EAX]
   954 00000858 FF 30                           	PUSH	DWORD [EAX]
   955 0000085A E8 [00000000]                   	CALL	_boxfill8
   956 0000085F 8B 45 10                        	MOV	EAX,DWORD [16+EBP]
   957 00000862 83 C4 38                        	ADD	ESP,56
   958 00000865 48                              	DEC	EAX
   959 00000866 FF 75 EC                        	PUSH	DWORD [-20+EBP]
   960 00000869 FF 75 F0                        	PUSH	DWORD [-16+EBP]
   961 0000086C 50                              	PUSH	EAX
   962 0000086D 57                              	PUSH	EDI
   963 0000086E 0F B6 45 1C                     	MOVZX	EAX,BYTE [28+EBP]
   964 00000872 50                              	PUSH	EAX
   965 00000873 8B 45 08                        	MOV	EAX,DWORD [8+EBP]
   966 00000876 FF 70 04                        	PUSH	DWORD [4+EAX]
   967 00000879 FF 30                           	PUSH	DWORD [EAX]
   968 0000087B E8 [00000000]                   	CALL	_boxfill8
   969 00000880 8D 65 F4                        	LEA	ESP,DWORD [-12+EBP]
   970 00000883 5B                              	POP	EBX
   971 00000884 5E                              	POP	ESI
   972 00000885 5F                              	POP	EDI
   973 00000886 5D                              	POP	EBP
   974 00000887 C3                              	RET
   975 00000888                                 	GLOBAL	_change_wtitle8
   976 00000888                                 _change_wtitle8:
   977 00000888 55                              	PUSH	EBP
   978 00000889 89 E5                           	MOV	EBP,ESP
   979 0000088B 57                              	PUSH	EDI
   980 0000088C 56                              	PUSH	ESI
   981 0000088D 53                              	PUSH	EBX
   982 0000088E 83 EC 14                        	SUB	ESP,20
   983 00000891 8B 45 08                        	MOV	EAX,DWORD [8+EBP]
   984 00000894 80 7D 0C 00                     	CMP	BYTE [12+EBP],0
   985 00000898 8B 10                           	MOV	EDX,DWORD [EAX]
   986 0000089A 8B 48 04                        	MOV	ECX,DWORD [4+EAX]
   987 0000089D 89 55 E4                        	MOV	DWORD [-28+EBP],EDX
   988 000008A0 0F 84 00000088                  	JE	L80
   989 000008A6 C6 45 EB 07                     	MOV	BYTE [-21+EBP],7
   990 000008AA C6 45 EA 0C                     	MOV	BYTE [-22+EBP],12
   991 000008AE C6 45 E9 08                     	MOV	BYTE [-23+EBP],8
   992 000008B2 C6 45 E8 0F                     	MOV	BYTE [-24+EBP],15
   993 000008B6                                 L81:
   994 000008B6 6B F9 03                        	IMUL	EDI,ECX,3
   995 000008B9 C7 45 EC 00000011               	MOV	DWORD [-20+EBP],17
   996 000008C0 89 7D E0                        	MOV	DWORD [-32+EBP],EDI
   997 000008C3                                 L94:
   998 000008C3 C7 45 F0 00000003               	MOV	DWORD [-16+EBP],3
   999 000008CA 8D 41 FC                        	LEA	EAX,DWORD [-4+ECX]
  1000 000008CD 39 45 F0                        	CMP	DWORD [-16+EBP],EAX
  1001 000008D0 7F 29                           	JG	L98
  1002 000008D2 8B 45 E4                        	MOV	EAX,DWORD [-28+EBP]
  1003 000008D5 8B 55 E0                        	MOV	EDX,DWORD [-32+EBP]
  1004 000008D8 8D 74 38 03                     	LEA	ESI,DWORD [3+EAX+EDI*1]
  1005 000008DC 8D 5C 10 03                     	LEA	EBX,DWORD [3+EAX+EDX*1]
  1006 000008E0                                 L93:
  1007 000008E0 8A 13                           	MOV	DL,BYTE [EBX]
  1008 000008E2 3A 55 E9                        	CMP	DL,BYTE [-23+EBP]
  1009 000008E5 74 3A                           	JE	L99
  1010 000008E7                                 L90:
  1011 000008E7 3A 55 E8                        	CMP	DL,BYTE [-24+EBP]
  1012 000008EA 74 30                           	JE	L100
  1013 000008EC                                 L91:
  1014 000008EC 88 16                           	MOV	BYTE [ESI],DL
  1015 000008EE 8D 41 FC                        	LEA	EAX,DWORD [-4+ECX]
  1016 000008F1 FF 45 F0                        	INC	DWORD [-16+EBP]
  1017 000008F4 46                              	INC	ESI
  1018 000008F5 43                              	INC	EBX
  1019 000008F6 39 45 F0                        	CMP	DWORD [-16+EBP],EAX
  1020 000008F9 7E E5                           	JLE	L93
  1021 000008FB                                 L98:
  1022 000008FB 01 CF                           	ADD	EDI,ECX
  1023 000008FD 01 4D E0                        	ADD	DWORD [-32+EBP],ECX
  1024 00000900 FF 4D EC                        	DEC	DWORD [-20+EBP]
  1025 00000903 79 BE                           	JNS	L94
  1026 00000905 6A 15                           	PUSH	21
  1027 00000907 51                              	PUSH	ECX
  1028 00000908 6A 03                           	PUSH	3
  1029 0000090A 6A 03                           	PUSH	3
  1030 0000090C FF 75 08                        	PUSH	DWORD [8+EBP]
  1031 0000090F E8 [00000000]                   	CALL	_sheet_refresh
  1032 00000914 8D 65 F4                        	LEA	ESP,DWORD [-12+EBP]
  1033 00000917 5B                              	POP	EBX
  1034 00000918 5E                              	POP	ESI
  1035 00000919 5F                              	POP	EDI
  1036 0000091A 5D                              	POP	EBP
  1037 0000091B C3                              	RET
  1038 0000091C                                 L100:
  1039 0000091C 8A 55 EA                        	MOV	DL,BYTE [-22+EBP]
  1040 0000091F EB CB                           	JMP	L91
  1041 00000921                                 L99:
  1042 00000921 8D 41 EA                        	LEA	EAX,DWORD [-22+ECX]
  1043 00000924 39 45 F0                        	CMP	DWORD [-16+EBP],EAX
  1044 00000927 7F BE                           	JG	L90
  1045 00000929 8A 55 EB                        	MOV	DL,BYTE [-21+EBP]
  1046 0000092C EB BE                           	JMP	L91
  1047 0000092E                                 L80:
  1048 0000092E C6 45 EB 08                     	MOV	BYTE [-21+EBP],8
  1049 00000932 C6 45 EA 0F                     	MOV	BYTE [-22+EBP],15
  1050 00000936 C6 45 E9 07                     	MOV	BYTE [-23+EBP],7
  1051 0000093A C6 45 E8 0C                     	MOV	BYTE [-24+EBP],12
  1052 0000093E E9 FFFFFF73                     	JMP	L81
  1053                                          [SECTION .data]
  1054 000002A0                                 LC16:
  1055 000002A0 20 20 62 61 63 6B 67 72 6F 75   	DB	"  background1",0x00
       000002AA 6E 64 31 00 
  1056 000002AE                                 LC17:
  1057 000002AE 20 20 62 61 63 6B 67 72 6F 75   	DB	"  background2",0x00
       000002B8 6E 64 32 00 
  1058 000002BC                                 LC12:
  1059 000002BC 20 20 2E 2E 2E 00               	DB	"  ...",0x00
  1060 000002C2                                 LC13:
  1061 000002C2 20 20 62 61 6C 6C 00            	DB	"  ball",0x00
  1062 000002C9                                 LC14:
  1063 000002C9 20 20 70 68 6F 74 6F 00         	DB	"  photo",0x00
  1064 000002D1                                 LC15:
  1065 000002D1 20 20 66 6C 69 67 68 74 00      	DB	"  flight",0x00
  1066 000002DA                                 LC7:
  1067 000002DA 20 20 6C 69 6E 65 00            	DB	"  line",0x00
  1068 000002E1                                 LC8:
  1069 000002E1 20 20 74 69 6D 65 00            	DB	"  time",0x00
  1070 000002E8                                 LC9:
  1071 000002E8 20 20 73 74 61 72 00            	DB	"  star",0x00
  1072 000002EF                                 LC10:
  1073 000002EF 20 20 63 6F 6C 6F 72 00         	DB	"  color",0x00
  1074 000002F7                                 LC11:
  1075 000002F7 20 20 77 61 6C 6B 00            	DB	"  walk",0x00
  1076 000002FE                                 LC0:
  1077 000002FE 20 20 72 65 62 6F 6F 74 00      	DB	"  reboot",0x00
  1078 00000307                                 LC1:
  1079 00000307 20 20 73 68 75 74 64 6F 77 6E   	DB	"  shutdown",0x00
       00000311 00 
  1080 00000312                                 LC2:
  1081 00000312 20 20 62 61 63 6B 67 72 6F 75   	DB	"  background   >",0x00
       0000031C 6E 64 20 20 20 3E 00 
  1082 00000323                                 LC3:
  1083 00000323 20 20 70 72 6F 67 72 61 6D 20   	DB	"  program >",0x00
       0000032D 3E 00 
  1084 0000032F                                 LC4:
  1085 0000032F 20 20 61 70 70 6C 69 63 61 74   	DB	"  application >",0x00
       00000339 69 6F 6E 20 3E 00 
  1086 0000033F                                 LC5:
  1087 0000033F 20 20 63 6F 6E 73 6F 6C 65 00   	DB	"  console",0x00
  1088 00000349                                 LC6:
  1089 00000349 20 20 75 73 65 72 20 69 6E 66   	DB	"  user info",0x00
       00000353 6F 00 
  1090                                          [SECTION .text]
  1091 00000943                                 	GLOBAL	_make_menu
  1092 00000943                                 _make_menu:
  1093 00000943 55                              	PUSH	EBP
  1094 00000944 89 E5                           	MOV	EBP,ESP
  1095 00000946 53                              	PUSH	EBX
  1096 00000947 8B 45 0C                        	MOV	EAX,DWORD [12+EBP]
  1097 0000094A 8B 5D 08                        	MOV	EBX,DWORD [8+EBP]
  1098 0000094D 83 F8 01                        	CMP	EAX,1
  1099 00000950 0F 84 00000145                  	JE	L111
  1100 00000956 83 F8 02                        	CMP	EAX,2
  1101 00000959 0F 84 000000AC                  	JE	L112
  1102 0000095F 83 F8 03                        	CMP	EAX,3
  1103 00000962 74 43                           	JE	L113
  1104 00000964 83 F8 04                        	CMP	EAX,4
  1105 00000967 74 05                           	JE	L114
  1106 00000969                                 L101:
  1107 00000969 8B 5D FC                        	MOV	EBX,DWORD [-4+EBP]
  1108 0000096C C9                              	LEAVE
  1109 0000096D C3                              	RET
  1110 0000096E                                 L114:
  1111 0000096E 6A 0B                           	PUSH	11
  1112 00000970 68 [000002A0]                   	PUSH	LC16
  1113 00000975 6A 08                           	PUSH	8
  1114 00000977 6A 00                           	PUSH	0
  1115 00000979 8B 43 08                        	MOV	EAX,DWORD [8+EBX]
  1116 0000097C 83 E8 12                        	SUB	EAX,18
  1117 0000097F 50                              	PUSH	EAX
  1118 00000980 6A 01                           	PUSH	1
  1119 00000982 53                              	PUSH	EBX
  1120 00000983 E8 FFFFFCE9                     	CALL	_putfonts8_asc_sht
  1121 00000988 6A 0B                           	PUSH	11
  1122 0000098A 68 [000002AE]                   	PUSH	LC17
  1123 0000098F 6A 08                           	PUSH	8
  1124 00000991 6A 00                           	PUSH	0
  1125 00000993 8B 43 08                        	MOV	EAX,DWORD [8+EBX]
  1126 00000996 83 E8 24                        	SUB	EAX,36
  1127 00000999                                 L109:
  1128 00000999 50                              	PUSH	EAX
  1129 0000099A 6A 01                           	PUSH	1
  1130 0000099C 53                              	PUSH	EBX
  1131 0000099D E8 FFFFFCCF                     	CALL	_putfonts8_asc_sht
  1132 000009A2 83 C4 38                        	ADD	ESP,56
  1133 000009A5 EB C2                           	JMP	L101
  1134 000009A7                                 L113:
  1135 000009A7 6A 0B                           	PUSH	11
  1136 000009A9 68 [000002BC]                   	PUSH	LC12
  1137 000009AE 6A 08                           	PUSH	8
  1138 000009B0 6A 00                           	PUSH	0
  1139 000009B2 8B 43 08                        	MOV	EAX,DWORD [8+EBX]
  1140 000009B5 83 E8 12                        	SUB	EAX,18
  1141 000009B8 50                              	PUSH	EAX
  1142 000009B9 6A 01                           	PUSH	1
  1143 000009BB 53                              	PUSH	EBX
  1144 000009BC E8 FFFFFCB0                     	CALL	_putfonts8_asc_sht
  1145 000009C1 6A 0B                           	PUSH	11
  1146 000009C3 68 [000002C2]                   	PUSH	LC13
  1147 000009C8 6A 08                           	PUSH	8
  1148 000009CA 6A 00                           	PUSH	0
  1149 000009CC 8B 43 08                        	MOV	EAX,DWORD [8+EBX]
  1150 000009CF 83 E8 24                        	SUB	EAX,36
  1151 000009D2 50                              	PUSH	EAX
  1152 000009D3 6A 01                           	PUSH	1
  1153 000009D5 53                              	PUSH	EBX
  1154 000009D6 E8 FFFFFC96                     	CALL	_putfonts8_asc_sht
  1155 000009DB 83 C4 38                        	ADD	ESP,56
  1156 000009DE 6A 0B                           	PUSH	11
  1157 000009E0 68 [000002C9]                   	PUSH	LC14
  1158 000009E5 6A 08                           	PUSH	8
  1159 000009E7 6A 00                           	PUSH	0
  1160 000009E9 8B 43 08                        	MOV	EAX,DWORD [8+EBX]
  1161 000009EC 83 E8 36                        	SUB	EAX,54
  1162 000009EF 50                              	PUSH	EAX
  1163 000009F0 6A 01                           	PUSH	1
  1164 000009F2 53                              	PUSH	EBX
  1165 000009F3 E8 FFFFFC79                     	CALL	_putfonts8_asc_sht
  1166 000009F8 6A 0B                           	PUSH	11
  1167 000009FA 68 [000002D1]                   	PUSH	LC15
  1168 000009FF 6A 08                           	PUSH	8
  1169 00000A01 6A 00                           	PUSH	0
  1170 00000A03 8B 43 08                        	MOV	EAX,DWORD [8+EBX]
  1171 00000A06 83 E8 48                        	SUB	EAX,72
  1172 00000A09 EB 8E                           	JMP	L109
  1173 00000A0B                                 L112:
  1174 00000A0B 6A 0B                           	PUSH	11
  1175 00000A0D 68 [000002DA]                   	PUSH	LC7
  1176 00000A12 6A 08                           	PUSH	8
  1177 00000A14 6A 00                           	PUSH	0
  1178 00000A16 8B 43 08                        	MOV	EAX,DWORD [8+EBX]
  1179 00000A19 83 E8 12                        	SUB	EAX,18
  1180 00000A1C 50                              	PUSH	EAX
  1181 00000A1D 6A 01                           	PUSH	1
  1182 00000A1F 53                              	PUSH	EBX
  1183 00000A20 E8 FFFFFC4C                     	CALL	_putfonts8_asc_sht
  1184 00000A25 6A 0B                           	PUSH	11
  1185 00000A27 68 [000002E1]                   	PUSH	LC8
  1186 00000A2C 6A 08                           	PUSH	8
  1187 00000A2E 6A 00                           	PUSH	0
  1188 00000A30 8B 43 08                        	MOV	EAX,DWORD [8+EBX]
  1189 00000A33 83 E8 24                        	SUB	EAX,36
  1190 00000A36 50                              	PUSH	EAX
  1191 00000A37 6A 01                           	PUSH	1
  1192 00000A39 53                              	PUSH	EBX
  1193 00000A3A E8 FFFFFC32                     	CALL	_putfonts8_asc_sht
  1194 00000A3F 83 C4 38                        	ADD	ESP,56
  1195 00000A42 6A 0B                           	PUSH	11
  1196 00000A44 68 [000002E8]                   	PUSH	LC9
  1197 00000A49 6A 08                           	PUSH	8
  1198 00000A4B 6A 00                           	PUSH	0
  1199 00000A4D 8B 43 08                        	MOV	EAX,DWORD [8+EBX]
  1200 00000A50 83 E8 36                        	SUB	EAX,54
  1201 00000A53 50                              	PUSH	EAX
  1202 00000A54 6A 01                           	PUSH	1
  1203 00000A56 53                              	PUSH	EBX
  1204 00000A57 E8 FFFFFC15                     	CALL	_putfonts8_asc_sht
  1205 00000A5C 6A 0B                           	PUSH	11
  1206 00000A5E 68 [000002EF]                   	PUSH	LC10
  1207 00000A63 6A 08                           	PUSH	8
  1208 00000A65 6A 00                           	PUSH	0
  1209 00000A67 8B 43 08                        	MOV	EAX,DWORD [8+EBX]
  1210 00000A6A 83 E8 48                        	SUB	EAX,72
  1211 00000A6D 50                              	PUSH	EAX
  1212 00000A6E 6A 01                           	PUSH	1
  1213 00000A70 53                              	PUSH	EBX
  1214 00000A71 E8 FFFFFBFB                     	CALL	_putfonts8_asc_sht
  1215 00000A76 83 C4 38                        	ADD	ESP,56
  1216 00000A79 6A 0B                           	PUSH	11
  1217 00000A7B 68 [000002F7]                   	PUSH	LC11
  1218 00000A80 6A 08                           	PUSH	8
  1219 00000A82 6A 00                           	PUSH	0
  1220 00000A84 8B 43 08                        	MOV	EAX,DWORD [8+EBX]
  1221 00000A87 83 E8 5A                        	SUB	EAX,90
  1222 00000A8A                                 L110:
  1223 00000A8A 50                              	PUSH	EAX
  1224 00000A8B 6A 01                           	PUSH	1
  1225 00000A8D 53                              	PUSH	EBX
  1226 00000A8E E8 FFFFFBDE                     	CALL	_putfonts8_asc_sht
  1227 00000A93 83 C4 1C                        	ADD	ESP,28
  1228 00000A96 E9 FFFFFECE                     	JMP	L101
  1229 00000A9B                                 L111:
  1230 00000A9B 6A 0B                           	PUSH	11
  1231 00000A9D 68 [000002FE]                   	PUSH	LC0
  1232 00000AA2 6A 08                           	PUSH	8
  1233 00000AA4 6A 00                           	PUSH	0
  1234 00000AA6 8B 43 08                        	MOV	EAX,DWORD [8+EBX]
  1235 00000AA9 83 E8 12                        	SUB	EAX,18
  1236 00000AAC 50                              	PUSH	EAX
  1237 00000AAD 6A 01                           	PUSH	1
  1238 00000AAF 53                              	PUSH	EBX
  1239 00000AB0 E8 FFFFFBBC                     	CALL	_putfonts8_asc_sht
  1240 00000AB5 6A 0B                           	PUSH	11
  1241 00000AB7 68 [00000307]                   	PUSH	LC1
  1242 00000ABC 6A 08                           	PUSH	8
  1243 00000ABE 6A 00                           	PUSH	0
  1244 00000AC0 8B 43 08                        	MOV	EAX,DWORD [8+EBX]
  1245 00000AC3 83 E8 24                        	SUB	EAX,36
  1246 00000AC6 50                              	PUSH	EAX
  1247 00000AC7 6A 01                           	PUSH	1
  1248 00000AC9 53                              	PUSH	EBX
  1249 00000ACA E8 FFFFFBA2                     	CALL	_putfonts8_asc_sht
  1250 00000ACF 83 C4 38                        	ADD	ESP,56
  1251 00000AD2 6A 0B                           	PUSH	11
  1252 00000AD4 68 [00000312]                   	PUSH	LC2
  1253 00000AD9 6A 08                           	PUSH	8
  1254 00000ADB 6A 00                           	PUSH	0
  1255 00000ADD 8B 43 08                        	MOV	EAX,DWORD [8+EBX]
  1256 00000AE0 83 E8 36                        	SUB	EAX,54
  1257 00000AE3 50                              	PUSH	EAX
  1258 00000AE4 6A 01                           	PUSH	1
  1259 00000AE6 53                              	PUSH	EBX
  1260 00000AE7 E8 FFFFFB85                     	CALL	_putfonts8_asc_sht
  1261 00000AEC 6A 0B                           	PUSH	11
  1262 00000AEE 68 [00000323]                   	PUSH	LC3
  1263 00000AF3 6A 08                           	PUSH	8
  1264 00000AF5 6A 00                           	PUSH	0
  1265 00000AF7 8B 43 08                        	MOV	EAX,DWORD [8+EBX]
  1266 00000AFA 83 E8 48                        	SUB	EAX,72
  1267 00000AFD 50                              	PUSH	EAX
  1268 00000AFE 6A 01                           	PUSH	1
  1269 00000B00 53                              	PUSH	EBX
  1270 00000B01 E8 FFFFFB6B                     	CALL	_putfonts8_asc_sht
  1271 00000B06 83 C4 38                        	ADD	ESP,56
  1272 00000B09 6A 0B                           	PUSH	11
  1273 00000B0B 68 [0000032F]                   	PUSH	LC4
  1274 00000B10 6A 08                           	PUSH	8
  1275 00000B12 6A 00                           	PUSH	0
  1276 00000B14 8B 43 08                        	MOV	EAX,DWORD [8+EBX]
  1277 00000B17 83 E8 5A                        	SUB	EAX,90
  1278 00000B1A 50                              	PUSH	EAX
  1279 00000B1B 6A 01                           	PUSH	1
  1280 00000B1D 53                              	PUSH	EBX
  1281 00000B1E E8 FFFFFB4E                     	CALL	_putfonts8_asc_sht
  1282 00000B23 6A 0B                           	PUSH	11
  1283 00000B25 68 [0000033F]                   	PUSH	LC5
  1284 00000B2A 6A 08                           	PUSH	8
  1285 00000B2C 6A 00                           	PUSH	0
  1286 00000B2E 8B 43 08                        	MOV	EAX,DWORD [8+EBX]
  1287 00000B31 83 E8 6C                        	SUB	EAX,108
  1288 00000B34 50                              	PUSH	EAX
  1289 00000B35 6A 01                           	PUSH	1
  1290 00000B37 53                              	PUSH	EBX
  1291 00000B38 E8 FFFFFB34                     	CALL	_putfonts8_asc_sht
  1292 00000B3D 83 C4 38                        	ADD	ESP,56
  1293 00000B40 6A 0B                           	PUSH	11
  1294 00000B42 68 [00000349]                   	PUSH	LC6
  1295 00000B47 6A 08                           	PUSH	8
  1296 00000B49 6A 00                           	PUSH	0
  1297 00000B4B 8B 43 08                        	MOV	EAX,DWORD [8+EBX]
  1298 00000B4E 83 E8 7E                        	SUB	EAX,126
  1299 00000B51 E9 FFFFFF34                     	JMP	L110
